{"/home/travis/build/npmtest/node-npmtest-ava/test.js":{"path":"/home/travis/build/npmtest/node-npmtest-ava/test.js","s":{"1":2,"2":2,"3":2,"4":2,"5":2,"6":2,"7":2,"8":1,"9":2,"10":2,"11":1,"12":1,"13":1,"14":1,"15":2,"16":2,"17":2,"18":2,"19":1,"20":1,"21":2,"22":2,"23":2,"24":1,"25":1,"26":1,"27":1,"28":1,"29":1,"30":1,"31":1,"32":1,"33":1,"34":1,"35":1,"36":1,"37":1,"38":1,"39":2,"40":2,"41":1,"42":2,"43":2,"44":1,"45":2,"46":2,"47":1,"48":2,"49":2,"50":1,"51":1,"52":1,"53":1,"54":1},"b":{"1":[2,1,1,1],"2":[1,1,1,1],"3":[1,1],"4":[1,1],"5":[1,1],"6":[1,1],"7":[1,1],"8":[1,1],"9":[1,1],"10":[1,1,1],"11":[1,1],"12":[1,1],"13":[1,1],"14":[1,1],"15":[1,1],"16":[1,1],"17":[1,1]},"f":{"1":2,"2":2,"3":2,"4":2,"5":2,"6":1,"7":1,"8":1,"9":2,"10":2,"11":2,"12":2,"13":1},"fnMap":{"1":{"name":"(anonymous_1)","line":12,"loc":{"start":{"line":12,"column":1},"end":{"line":12,"column":13}}},"2":{"name":"(anonymous_2)","line":19,"loc":{"start":{"line":19,"column":5},"end":{"line":19,"column":17}}},"3":{"name":"(anonymous_3)","line":23,"loc":{"start":{"line":23,"column":24},"end":{"line":23,"column":36}}},"4":{"name":"(anonymous_4)","line":61,"loc":{"start":{"line":61,"column":5},"end":{"line":61,"column":17}}},"5":{"name":"(anonymous_5)","line":82,"loc":{"start":{"line":82,"column":5},"end":{"line":82,"column":17}}},"6":{"name":"(anonymous_6)","line":91,"loc":{"start":{"line":91,"column":77},"end":{"line":94,"column":10}}},"7":{"name":"(anonymous_7)","line":112,"loc":{"start":{"line":112,"column":83},"end":{"line":115,"column":10}},"skip":true},"8":{"name":"(anonymous_8)","line":123,"loc":{"start":{"line":123,"column":77},"end":{"line":126,"column":10}},"skip":true},"9":{"name":"(anonymous_9)","line":139,"loc":{"start":{"line":139,"column":12},"end":{"line":139,"column":40}},"skip":true},"10":{"name":"(anonymous_10)","line":147,"loc":{"start":{"line":147,"column":77},"end":{"line":150,"column":10}},"skip":true},"11":{"name":"(anonymous_11)","line":158,"loc":{"start":{"line":158,"column":83},"end":{"line":161,"column":10}},"skip":true},"12":{"name":"(anonymous_12)","line":169,"loc":{"start":{"line":169,"column":79},"end":{"line":172,"column":10}},"skip":true},"13":{"name":"(anonymous_13)","line":180,"loc":{"start":{"line":180,"column":75},"end":{"line":183,"column":10}},"skip":true}},"statementMap":{"1":{"start":{"line":12,"column":0},"end":{"line":195,"column":5}},"2":{"start":{"line":14,"column":4},"end":{"line":14,"column":14}},"3":{"start":{"line":19,"column":4},"end":{"line":56,"column":9}},"4":{"start":{"line":21,"column":8},"end":{"line":21,"column":19}},"5":{"start":{"line":23,"column":8},"end":{"line":35,"column":13}},"6":{"start":{"line":24,"column":12},"end":{"line":34,"column":13}},"7":{"start":{"line":25,"column":16},"end":{"line":28,"column":30}},"8":{"start":{"line":30,"column":16},"end":{"line":33,"column":27}},"9":{"start":{"line":37,"column":8},"end":{"line":39,"column":21}},"10":{"start":{"line":40,"column":8},"end":{"line":53,"column":9}},"11":{"start":{"line":43,"column":12},"end":{"line":46,"column":14}},"12":{"start":{"line":47,"column":12},"end":{"line":47,"column":18}},"13":{"start":{"line":50,"column":12},"end":{"line":51,"column":46}},"14":{"start":{"line":52,"column":12},"end":{"line":52,"column":18}},"15":{"start":{"line":55,"column":8},"end":{"line":55,"column":35}},"16":{"start":{"line":61,"column":4},"end":{"line":63,"column":9}},"17":{"start":{"line":62,"column":8},"end":{"line":62,"column":15}},"18":{"start":{"line":64,"column":4},"end":{"line":77,"column":5}},"19":{"start":{"line":70,"column":8},"end":{"line":70,"column":14}},"20":{"start":{"line":76,"column":8},"end":{"line":76,"column":14}},"21":{"start":{"line":82,"column":4},"end":{"line":84,"column":9}},"22":{"start":{"line":83,"column":8},"end":{"line":83,"column":15}},"23":{"start":{"line":85,"column":4},"end":{"line":194,"column":5}},"24":{"start":{"line":91,"column":8},"end":{"line":99,"column":10}},"25":{"start":{"line":98,"column":12},"end":{"line":98,"column":35}},"26":{"start":{"line":102,"column":8},"end":{"line":104,"column":63}},"27":{"start":{"line":105,"column":8},"end":{"line":105,"column":14}},"28":{"start":{"line":112,"column":8},"end":{"line":121,"column":10},"skip":true},"29":{"start":{"line":119,"column":12},"end":{"line":119,"column":55},"skip":true},"30":{"start":{"line":120,"column":12},"end":{"line":120,"column":48},"skip":true},"31":{"start":{"line":123,"column":8},"end":{"line":136,"column":10},"skip":true},"32":{"start":{"line":130,"column":12},"end":{"line":130,"column":76},"skip":true},"33":{"start":{"line":131,"column":12},"end":{"line":131,"column":73},"skip":true},"34":{"start":{"line":132,"column":12},"end":{"line":132,"column":74},"skip":true},"35":{"start":{"line":133,"column":12},"end":{"line":133,"column":79},"skip":true},"36":{"start":{"line":134,"column":12},"end":{"line":134,"column":25},"skip":true},"37":{"start":{"line":135,"column":12},"end":{"line":135,"column":45},"skip":true},"38":{"start":{"line":138,"column":8},"end":{"line":145,"column":14},"skip":true},"39":{"start":{"line":143,"column":16},"end":{"line":143,"column":29},"skip":true},"40":{"start":{"line":144,"column":16},"end":{"line":144,"column":55},"skip":true},"41":{"start":{"line":147,"column":8},"end":{"line":156,"column":10},"skip":true},"42":{"start":{"line":154,"column":12},"end":{"line":154,"column":25},"skip":true},"43":{"start":{"line":155,"column":12},"end":{"line":155,"column":45},"skip":true},"44":{"start":{"line":158,"column":8},"end":{"line":167,"column":10},"skip":true},"45":{"start":{"line":165,"column":12},"end":{"line":165,"column":25},"skip":true},"46":{"start":{"line":166,"column":12},"end":{"line":166,"column":48},"skip":true},"47":{"start":{"line":169,"column":8},"end":{"line":178,"column":10},"skip":true},"48":{"start":{"line":176,"column":12},"end":{"line":176,"column":25},"skip":true},"49":{"start":{"line":177,"column":12},"end":{"line":177,"column":46},"skip":true},"50":{"start":{"line":180,"column":8},"end":{"line":189,"column":10},"skip":true},"51":{"start":{"line":187,"column":12},"end":{"line":187,"column":94},"skip":true},"52":{"start":{"line":188,"column":12},"end":{"line":188,"column":48},"skip":true},"53":{"start":{"line":192,"column":8},"end":{"line":192,"column":35},"skip":true},"54":{"start":{"line":193,"column":8},"end":{"line":193,"column":14},"skip":true}},"branchMap":{"1":{"line":25,"type":"binary-expr","locations":[{"start":{"line":25,"column":23},"end":{"line":25,"column":62}},{"start":{"line":26,"column":20},"end":{"line":26,"column":70}},{"start":{"line":27,"column":20},"end":{"line":27,"column":71}},{"start":{"line":28,"column":20},"end":{"line":28,"column":29}}]},"2":{"line":30,"type":"binary-expr","locations":[{"start":{"line":30,"column":23},"end":{"line":30,"column":37}},{"start":{"line":31,"column":20},"end":{"line":31,"column":61}},{"start":{"line":32,"column":20},"end":{"line":32,"column":70}},{"start":{"line":33,"column":20},"end":{"line":33,"column":26}}]},"3":{"line":37,"type":"cond-expr","locations":[{"start":{"line":38,"column":14},"end":{"line":38,"column":20}},{"start":{"line":39,"column":14},"end":{"line":39,"column":20}}]},"4":{"line":40,"type":"switch","locations":[{"start":{"line":42,"column":8},"end":{"line":47,"column":18}},{"start":{"line":49,"column":8},"end":{"line":52,"column":18}}]},"5":{"line":44,"type":"binary-expr","locations":[{"start":{"line":44,"column":16},"end":{"line":44,"column":44}},{"start":{"line":44,"column":48},"end":{"line":44,"column":66}}]},"6":{"line":50,"type":"binary-expr","locations":[{"start":{"line":50,"column":21},"end":{"line":50,"column":49}},{"start":{"line":50,"column":53},"end":{"line":50,"column":72}}]},"7":{"line":64,"type":"switch","locations":[{"start":{"line":69,"column":4},"end":{"line":70,"column":14}},{"start":{"line":75,"column":4},"end":{"line":76,"column":14}}]},"8":{"line":85,"type":"switch","locations":[{"start":{"line":90,"column":4},"end":{"line":105,"column":14}},{"start":{"line":111,"column":4},"end":{"line":193,"column":14},"skip":true}]},"9":{"line":91,"type":"binary-expr","locations":[{"start":{"line":91,"column":42},"end":{"line":91,"column":73}},{"start":{"line":91,"column":77},"end":{"line":99,"column":9}}]},"10":{"line":102,"type":"binary-expr","locations":[{"start":{"line":102,"column":18},"end":{"line":102,"column":32}},{"start":{"line":103,"column":12},"end":{"line":103,"column":53}},{"start":{"line":104,"column":12},"end":{"line":104,"column":61}}]},"11":{"line":112,"type":"binary-expr","locations":[{"start":{"line":112,"column":45},"end":{"line":112,"column":79},"skip":true},{"start":{"line":112,"column":83},"end":{"line":121,"column":9},"skip":true}]},"12":{"line":123,"type":"binary-expr","locations":[{"start":{"line":123,"column":42},"end":{"line":123,"column":73},"skip":true},{"start":{"line":123,"column":77},"end":{"line":136,"column":9},"skip":true}]},"13":{"line":138,"type":"binary-expr","locations":[{"start":{"line":138,"column":48},"end":{"line":138,"column":85},"skip":true},{"start":{"line":139,"column":12},"end":{"line":145,"column":13},"skip":true}]},"14":{"line":147,"type":"binary-expr","locations":[{"start":{"line":147,"column":42},"end":{"line":147,"column":73},"skip":true},{"start":{"line":147,"column":77},"end":{"line":156,"column":9},"skip":true}]},"15":{"line":158,"type":"binary-expr","locations":[{"start":{"line":158,"column":45},"end":{"line":158,"column":79},"skip":true},{"start":{"line":158,"column":83},"end":{"line":167,"column":9},"skip":true}]},"16":{"line":169,"type":"binary-expr","locations":[{"start":{"line":169,"column":43},"end":{"line":169,"column":75},"skip":true},{"start":{"line":169,"column":79},"end":{"line":178,"column":9},"skip":true}]},"17":{"line":180,"type":"binary-expr","locations":[{"start":{"line":180,"column":41},"end":{"line":180,"column":71},"skip":true},{"start":{"line":180,"column":75},"end":{"line":189,"column":9},"skip":true}]}},"code":["/* istanbul instrument in package npmtest_ava */","/*jslint","    bitwise: true,","    browser: true,","    maxerr: 8,","    maxlen: 96,","    node: true,","    nomen: true,","    regexp: true,","    stupid: true","*/","(function () {","    'use strict';","    var local;","","","","    // run shared js-env code - pre-init","    (function () {","        // init local","        local = {};","        // init modeJs","        local.modeJs = (function () {","            try {","                return typeof navigator.userAgent === 'string' &&","                    typeof document.querySelector('body') === 'object' &&","                    typeof XMLHttpRequest.prototype.open === 'function' &&","                    'browser';","            } catch (errorCaughtBrowser) {","                return module.exports &&","                    typeof process.versions.node === 'string' &&","                    typeof require('http').createServer === 'function' &&","                    'node';","            }","        }());","        // init global","        local.global = local.modeJs === 'browser'","            ? window","            : global;","        switch (local.modeJs) {","        // re-init local from window.local","        case 'browser':","            local = local.global.utility2.objectSetDefault(","                local.global.utility2_rollup || local.global.local,","                local.global.utility2","            );","            break;","        // re-init local from example.js","        case 'node':","            local = (local.global.utility2_rollup || require('utility2'))","                .requireExampleJsFromReadme();","            break;","        }","        // export local","        local.global.local = local;","    }());","","","","    // run shared js-env code - function","    (function () {","        return;","    }());","    switch (local.modeJs) {","","","","    // run browser js-env code - function","    case 'browser':","        break;","","","","    // run node js-env code - function","    case 'node':","        break;","    }","","","","    // run shared js-env code - post-init","    (function () {","        return;","    }());","    switch (local.modeJs) {","","","","    // run browser js-env code - post-init","    case 'browser':","        local.testCase_browser_nullCase = local.testCase_browser_nullCase || function (","            options,","            onError","        ) {","        /*","         * this function will test browsers's null-case handling-behavior-behavior","         */","            onError(null, options);","        };","","        // run tests","        local.nop(local.modeTest &&","            document.querySelector('#testRunButton1') &&","            document.querySelector('#testRunButton1').click());","        break;","","","","    // run node js-env code - post-init","    /* istanbul ignore next */","    case 'node':","        local.testCase_buildApidoc_default = local.testCase_buildApidoc_default || function (","            options,","            onError","        ) {","        /*","         * this function will test buildApidoc's default handling-behavior-behavior","         */","            options = { modulePathList: module.paths };","            local.buildApidoc(options, onError);","        };","","        local.testCase_buildApp_default = local.testCase_buildApp_default || function (","            options,","            onError","        ) {","        /*","         * this function will test buildApp's default handling-behavior-behavior","         */","            local.testCase_buildReadme_default(options, local.onErrorThrow);","            local.testCase_buildLib_default(options, local.onErrorThrow);","            local.testCase_buildTest_default(options, local.onErrorThrow);","            local.testCase_buildCustomOrg_default(options, local.onErrorThrow);","            options = [];","            local.buildApp(options, onError);","        };","","        local.testCase_buildCustomOrg_default = local.testCase_buildCustomOrg_default ||","            function (options, onError) {","            /*","             * this function will test buildCustomOrg's default handling-behavior","             */","                options = {};","                local.buildCustomOrg(options, onError);","            };","","        local.testCase_buildLib_default = local.testCase_buildLib_default || function (","            options,","            onError","        ) {","        /*","         * this function will test buildLib's default handling-behavior","         */","            options = {};","            local.buildLib(options, onError);","        };","","        local.testCase_buildReadme_default = local.testCase_buildReadme_default || function (","            options,","            onError","        ) {","        /*","         * this function will test buildReadme's default handling-behavior-behavior","         */","            options = {};","            local.buildReadme(options, onError);","        };","","        local.testCase_buildTest_default = local.testCase_buildTest_default || function (","            options,","            onError","        ) {","        /*","         * this function will test buildTest's default handling-behavior","         */","            options = {};","            local.buildTest(options, onError);","        };","","        local.testCase_webpage_default = local.testCase_webpage_default || function (","            options,","            onError","        ) {","        /*","         * this function will test webpage's default handling-behavior","         */","            options = { modeCoverageMerge: true, url: local.serverLocalHost + '?modeTest=1' };","            local.browserTest(options, onError);","        };","","        // run test-server","        local.testRunServer(local);","        break;","    }","}());",""],"l":{"12":2,"14":2,"19":2,"21":2,"23":2,"24":2,"25":2,"30":1,"37":2,"40":2,"43":1,"47":1,"50":1,"52":1,"55":2,"61":2,"62":2,"64":2,"70":1,"76":1,"82":2,"83":2,"85":2,"91":1,"98":1,"102":1,"105":1,"112":1,"119":1,"120":1,"123":1,"130":1,"131":1,"132":1,"133":1,"134":1,"135":1,"138":1,"143":2,"144":2,"147":1,"154":2,"155":2,"158":1,"165":2,"166":2,"169":1,"176":2,"177":2,"180":1,"187":1,"188":1,"192":1,"193":1}},"/home/travis/build/npmtest/node-npmtest-ava/lib.npmtest_ava.js":{"path":"/home/travis/build/npmtest/node-npmtest-ava/lib.npmtest_ava.js","s":{"1":2,"2":2,"3":2,"4":2,"5":2,"6":2,"7":2,"8":1,"9":2,"10":2,"11":2,"12":2,"13":1,"14":1,"15":1,"16":1},"b":{"1":[2,1,1,1],"2":[1,1,1,1],"3":[1,1],"4":[2,2],"5":[1,1]},"f":{"1":2,"2":2,"3":2},"fnMap":{"1":{"name":"(anonymous_1)","line":12,"loc":{"start":{"line":12,"column":1},"end":{"line":12,"column":13}}},"2":{"name":"(anonymous_2)","line":19,"loc":{"start":{"line":19,"column":5},"end":{"line":19,"column":17}}},"3":{"name":"(anonymous_3)","line":23,"loc":{"start":{"line":23,"column":24},"end":{"line":23,"column":36}}}},"statementMap":{"1":{"start":{"line":12,"column":0},"end":{"line":53,"column":5}},"2":{"start":{"line":14,"column":4},"end":{"line":14,"column":14}},"3":{"start":{"line":19,"column":4},"end":{"line":52,"column":9}},"4":{"start":{"line":21,"column":8},"end":{"line":21,"column":19}},"5":{"start":{"line":23,"column":8},"end":{"line":35,"column":13}},"6":{"start":{"line":24,"column":12},"end":{"line":34,"column":13}},"7":{"start":{"line":25,"column":16},"end":{"line":28,"column":30}},"8":{"start":{"line":30,"column":16},"end":{"line":33,"column":27}},"9":{"start":{"line":37,"column":8},"end":{"line":39,"column":21}},"10":{"start":{"line":41,"column":8},"end":{"line":41,"column":54}},"11":{"start":{"line":43,"column":8},"end":{"line":43,"column":48}},"12":{"start":{"line":45,"column":8},"end":{"line":51,"column":9}},"13":{"start":{"line":46,"column":12},"end":{"line":46,"column":54}},"14":{"start":{"line":48,"column":12},"end":{"line":48,"column":35}},"15":{"start":{"line":49,"column":12},"end":{"line":49,"column":49}},"16":{"start":{"line":50,"column":12},"end":{"line":50,"column":43}}},"branchMap":{"1":{"line":25,"type":"binary-expr","locations":[{"start":{"line":25,"column":23},"end":{"line":25,"column":62}},{"start":{"line":26,"column":20},"end":{"line":26,"column":70}},{"start":{"line":27,"column":20},"end":{"line":27,"column":71}},{"start":{"line":28,"column":20},"end":{"line":28,"column":29}}]},"2":{"line":30,"type":"binary-expr","locations":[{"start":{"line":30,"column":23},"end":{"line":30,"column":37}},{"start":{"line":31,"column":20},"end":{"line":31,"column":61}},{"start":{"line":32,"column":20},"end":{"line":32,"column":70}},{"start":{"line":33,"column":20},"end":{"line":33,"column":26}}]},"3":{"line":37,"type":"cond-expr","locations":[{"start":{"line":38,"column":14},"end":{"line":38,"column":20}},{"start":{"line":39,"column":14},"end":{"line":39,"column":20}}]},"4":{"line":41,"type":"binary-expr","locations":[{"start":{"line":41,"column":16},"end":{"line":41,"column":44}},{"start":{"line":41,"column":48},"end":{"line":41,"column":53}}]},"5":{"line":45,"type":"if","locations":[{"start":{"line":45,"column":8},"end":{"line":45,"column":8}},{"start":{"line":45,"column":8},"end":{"line":45,"column":8}}]}},"code":["/* istanbul instrument in package npmtest_ava */","/*jslint","    bitwise: true,","    browser: true,","    maxerr: 8,","    maxlen: 96,","    node: true,","    nomen: true,","    regexp: true,","    stupid: true","*/","(function () {","    'use strict';","    var local;","","","","    // run shared js-env code - pre-init","    (function () {","        // init local","        local = {};","        // init modeJs","        local.modeJs = (function () {","            try {","                return typeof navigator.userAgent === 'string' &&","                    typeof document.querySelector('body') === 'object' &&","                    typeof XMLHttpRequest.prototype.open === 'function' &&","                    'browser';","            } catch (errorCaughtBrowser) {","                return module.exports &&","                    typeof process.versions.node === 'string' &&","                    typeof require('http').createServer === 'function' &&","                    'node';","            }","        }());","        // init global","        local.global = local.modeJs === 'browser'","            ? window","            : global;","        // init utility2_rollup","        local = local.global.utility2_rollup || local;","        // init lib","        local.local = local.npmtest_ava = local;","        // init exports","        if (local.modeJs === 'browser') {","            local.global.utility2_npmtest_ava = local;","        } else {","            module.exports = local;","            module.exports.__dirname = __dirname;","            module.exports.module = module;","        }","    }());","}());",""],"l":{"12":2,"14":2,"19":2,"21":2,"23":2,"24":2,"25":2,"30":1,"37":2,"41":2,"43":2,"45":2,"46":1,"48":1,"49":1,"50":1}},"/home/travis/build/npmtest/node-npmtest-ava/example.js":{"path":"/home/travis/build/npmtest/node-npmtest-ava/example.js","s":{"1":2,"2":2,"3":2,"4":2,"5":2,"6":2,"7":2,"8":1,"9":2,"10":2,"11":2,"12":2,"13":1,"14":2,"15":2,"16":2,"17":2,"18":2,"19":0,"20":2,"21":1,"22":1,"23":1,"24":1,"25":1,"26":0,"27":0,"28":1,"29":1,"30":2,"31":0,"32":0,"33":0,"34":1,"35":2,"36":2,"37":3,"38":3,"39":3,"40":3,"41":0,"42":3,"43":3,"44":3,"45":1,"46":3,"47":1,"48":1,"49":1,"50":1,"51":1,"52":1,"53":1,"54":1,"55":1,"56":1,"57":0,"58":1,"59":6,"60":6,"61":1,"62":2,"63":0,"64":2,"65":1,"66":1,"67":0,"68":0,"69":0,"70":0,"71":0,"72":0,"73":0,"74":0,"75":0,"76":0,"77":0,"78":0,"79":0,"80":0,"81":0,"82":0,"83":0},"b":{"1":[2,1,1,1],"2":[1,1,1,1],"3":[1,1],"4":[2,2],"5":[1,1],"6":[1,1],"7":[2,0],"8":[2,1,1,1,1,1],"9":[0,2,0],"10":[1,1],"11":[2,1,1],"12":[1,0],"13":[0,2],"14":[2,0,0,0,0,0,0],"15":[0,3],"16":[3,0],"17":[1,1],"18":[0,1],"19":[1,2,0,2],"20":[1,0],"21":[1,1],"22":[0,0],"23":[0,0],"24":[0,0],"25":[0,0],"26":[0,0],"27":[0,0],"28":[0,0]},"f":{"1":2,"2":2,"3":2,"4":2,"5":2,"6":2,"7":3,"8":3,"9":3,"10":1,"11":6,"12":0},"fnMap":{"1":{"name":"(anonymous_1)","line":26,"loc":{"start":{"line":26,"column":1},"end":{"line":26,"column":13}}},"2":{"name":"(anonymous_2)","line":33,"loc":{"start":{"line":33,"column":5},"end":{"line":33,"column":17}}},"3":{"name":"(anonymous_3)","line":37,"loc":{"start":{"line":37,"column":24},"end":{"line":37,"column":36}}},"4":{"name":"(anonymous_4)","line":69,"loc":{"start":{"line":69,"column":31},"end":{"line":69,"column":48}},"skip":true},"5":{"name":"(anonymous_5)","line":78,"loc":{"start":{"line":78,"column":26},"end":{"line":78,"column":45}},"skip":true},"6":{"name":"(anonymous_6)","line":123,"loc":{"start":{"line":123,"column":33},"end":{"line":123,"column":48}},"skip":true},"7":{"name":"(anonymous_7)","line":125,"loc":{"start":{"line":125,"column":27},"end":{"line":125,"column":39}},"skip":true},"8":{"name":"(anonymous_8)","line":133,"loc":{"start":{"line":133,"column":59},"end":{"line":133,"column":74}},"skip":true},"9":{"name":"(anonymous_9)","line":143,"loc":{"start":{"line":143,"column":45},"end":{"line":143,"column":62}},"skip":true},"10":{"name":"(anonymous_10)","line":144,"loc":{"start":{"line":144,"column":73},"end":{"line":144,"column":92}},"skip":true},"11":{"name":"(anonymous_11)","line":272,"loc":{"start":{"line":272,"column":51},"end":{"line":272,"column":77}},"skip":true},"12":{"name":"(anonymous_12)","line":315,"loc":{"start":{"line":315,"column":32},"end":{"line":315,"column":61}},"skip":true}},"statementMap":{"1":{"start":{"line":26,"column":0},"end":{"line":326,"column":5}},"2":{"start":{"line":28,"column":4},"end":{"line":28,"column":14}},"3":{"start":{"line":33,"column":4},"end":{"line":60,"column":9}},"4":{"start":{"line":35,"column":8},"end":{"line":35,"column":19}},"5":{"start":{"line":37,"column":8},"end":{"line":49,"column":13}},"6":{"start":{"line":38,"column":12},"end":{"line":48,"column":13}},"7":{"start":{"line":39,"column":16},"end":{"line":42,"column":30}},"8":{"start":{"line":44,"column":16},"end":{"line":47,"column":27}},"9":{"start":{"line":51,"column":8},"end":{"line":53,"column":21}},"10":{"start":{"line":55,"column":8},"end":{"line":57,"column":45}},"11":{"start":{"line":59,"column":8},"end":{"line":59,"column":35}},"12":{"start":{"line":61,"column":4},"end":{"line":325,"column":5}},"13":{"start":{"line":69,"column":8},"end":{"line":121,"column":10},"skip":true},"14":{"start":{"line":70,"column":12},"end":{"line":88,"column":13},"skip":true},"15":{"start":{"line":76,"column":16},"end":{"line":87,"column":19},"skip":true},"16":{"start":{"line":79,"column":20},"end":{"line":86,"column":21},"skip":true},"17":{"start":{"line":82,"column":24},"end":{"line":82,"column":43},"skip":true},"18":{"start":{"line":83,"column":24},"end":{"line":83,"column":30},"skip":true},"19":{"start":{"line":85,"column":24},"end":{"line":85,"column":49},"skip":true},"20":{"start":{"line":89,"column":12},"end":{"line":107,"column":13},"skip":true},"21":{"start":{"line":92,"column":16},"end":{"line":102,"column":17},"skip":true},"22":{"start":{"line":93,"column":20},"end":{"line":93,"column":86},"skip":true},"23":{"start":{"line":94,"column":20},"end":{"line":95,"column":45},"skip":true},"24":{"start":{"line":96,"column":20},"end":{"line":96,"column":42},"skip":true},"25":{"start":{"line":97,"column":20},"end":{"line":97,"column":48},"skip":true},"26":{"start":{"line":100,"column":20},"end":{"line":100,"column":85},"skip":true},"27":{"start":{"line":101,"column":20},"end":{"line":101,"column":96},"skip":true},"28":{"start":{"line":103,"column":16},"end":{"line":103,"column":22},"skip":true},"29":{"start":{"line":106,"column":16},"end":{"line":106,"column":22},"skip":true},"30":{"start":{"line":108,"column":12},"end":{"line":120,"column":13},"skip":true},"31":{"start":{"line":114,"column":16},"end":{"line":119,"column":17},"skip":true},"32":{"start":{"line":116,"column":20},"end":{"line":116,"column":78},"skip":true},"33":{"start":{"line":118,"column":20},"end":{"line":118,"column":47},"skip":true},"34":{"start":{"line":123,"column":8},"end":{"line":141,"column":11},"skip":true},"35":{"start":{"line":124,"column":12},"end":{"line":124,"column":54},"skip":true},"36":{"start":{"line":125,"column":12},"end":{"line":140,"column":14},"skip":true},"37":{"start":{"line":126,"column":16},"end":{"line":126,"column":28},"skip":true},"38":{"start":{"line":127,"column":16},"end":{"line":127,"column":69},"skip":true},"39":{"start":{"line":128,"column":16},"end":{"line":128,"column":75},"skip":true},"40":{"start":{"line":129,"column":16},"end":{"line":131,"column":17},"skip":true},"41":{"start":{"line":130,"column":20},"end":{"line":130,"column":27},"skip":true},"42":{"start":{"line":133,"column":16},"end":{"line":137,"column":36},"skip":true},"43":{"start":{"line":134,"column":20},"end":{"line":136,"column":55},"skip":true},"44":{"start":{"line":139,"column":16},"end":{"line":139,"column":57},"skip":true},"45":{"start":{"line":143,"column":8},"end":{"line":147,"column":11},"skip":true},"46":{"start":{"line":144,"column":12},"end":{"line":146,"column":15},"skip":true},"47":{"start":{"line":145,"column":16},"end":{"line":145,"column":70},"skip":true},"48":{"start":{"line":149,"column":8},"end":{"line":149,"column":31},"skip":true},"49":{"start":{"line":150,"column":8},"end":{"line":150,"column":14},"skip":true},"50":{"start":{"line":158,"column":8},"end":{"line":158,"column":31},"skip":true},"51":{"start":{"line":160,"column":8},"end":{"line":160,"column":33},"skip":true},"52":{"start":{"line":161,"column":8},"end":{"line":161,"column":37},"skip":true},"53":{"start":{"line":162,"column":8},"end":{"line":162,"column":35},"skip":true},"54":{"start":{"line":164,"column":8},"end":{"line":164,"column":50},"skip":true},"55":{"start":{"line":166,"column":8},"end":{"line":256,"column":2},"skip":true},"56":{"start":{"line":258,"column":8},"end":{"line":286,"column":9},"skip":true},"57":{"start":{"line":259,"column":12},"end":{"line":269,"column":14},"skip":true},"58":{"start":{"line":271,"column":12},"end":{"line":285,"column":19},"skip":true},"59":{"start":{"line":274,"column":20},"end":{"line":274,"column":35},"skip":true},"60":{"start":{"line":275,"column":20},"end":{"line":284,"column":21},"skip":true},"61":{"start":{"line":277,"column":24},"end":{"line":277,"column":64},"skip":true},"62":{"start":{"line":279,"column":24},"end":{"line":279,"column":40},"skip":true},"63":{"start":{"line":281,"column":24},"end":{"line":281,"column":40},"skip":true},"64":{"start":{"line":283,"column":24},"end":{"line":283,"column":39},"skip":true},"65":{"start":{"line":288,"column":8},"end":{"line":290,"column":9},"skip":true},"66":{"start":{"line":289,"column":12},"end":{"line":289,"column":18},"skip":true},"67":{"start":{"line":291,"column":8},"end":{"line":293,"column":54},"skip":true},"68":{"start":{"line":296,"column":8},"end":{"line":301,"column":37},"skip":true},"69":{"start":{"line":303,"column":8},"end":{"line":303,"column":82},"skip":true},"70":{"start":{"line":306,"column":8},"end":{"line":308,"column":9},"skip":true},"71":{"start":{"line":307,"column":12},"end":{"line":307,"column":82},"skip":true},"72":{"start":{"line":310,"column":8},"end":{"line":312,"column":9},"skip":true},"73":{"start":{"line":311,"column":12},"end":{"line":311,"column":18},"skip":true},"74":{"start":{"line":313,"column":8},"end":{"line":313,"column":54},"skip":true},"75":{"start":{"line":314,"column":8},"end":{"line":314,"column":69},"skip":true},"76":{"start":{"line":315,"column":8},"end":{"line":323,"column":36},"skip":true},"77":{"start":{"line":316,"column":12},"end":{"line":316,"column":61},"skip":true},"78":{"start":{"line":317,"column":12},"end":{"line":320,"column":13},"skip":true},"79":{"start":{"line":318,"column":16},"end":{"line":318,"column":75},"skip":true},"80":{"start":{"line":319,"column":16},"end":{"line":319,"column":23},"skip":true},"81":{"start":{"line":321,"column":12},"end":{"line":321,"column":38},"skip":true},"82":{"start":{"line":322,"column":12},"end":{"line":322,"column":27},"skip":true},"83":{"start":{"line":324,"column":8},"end":{"line":324,"column":14},"skip":true}},"branchMap":{"1":{"line":39,"type":"binary-expr","locations":[{"start":{"line":39,"column":23},"end":{"line":39,"column":62}},{"start":{"line":40,"column":20},"end":{"line":40,"column":70}},{"start":{"line":41,"column":20},"end":{"line":41,"column":71}},{"start":{"line":42,"column":20},"end":{"line":42,"column":29}}]},"2":{"line":44,"type":"binary-expr","locations":[{"start":{"line":44,"column":23},"end":{"line":44,"column":37}},{"start":{"line":45,"column":20},"end":{"line":45,"column":61}},{"start":{"line":46,"column":20},"end":{"line":46,"column":70}},{"start":{"line":47,"column":20},"end":{"line":47,"column":26}}]},"3":{"line":51,"type":"cond-expr","locations":[{"start":{"line":52,"column":14},"end":{"line":52,"column":20}},{"start":{"line":53,"column":14},"end":{"line":53,"column":20}}]},"4":{"line":55,"type":"binary-expr","locations":[{"start":{"line":55,"column":16},"end":{"line":55,"column":44}},{"start":{"line":55,"column":49},"end":{"line":57,"column":43}}]},"5":{"line":55,"type":"cond-expr","locations":[{"start":{"line":56,"column":14},"end":{"line":56,"column":47}},{"start":{"line":57,"column":14},"end":{"line":57,"column":43}}]},"6":{"line":61,"type":"switch","locations":[{"start":{"line":68,"column":4},"end":{"line":150,"column":14},"skip":true},{"start":{"line":156,"column":4},"end":{"line":324,"column":14},"skip":true}]},"7":{"line":70,"type":"if","locations":[{"start":{"line":70,"column":12},"end":{"line":70,"column":12},"skip":true},{"start":{"line":70,"column":12},"end":{"line":70,"column":12},"skip":true}]},"8":{"line":70,"type":"binary-expr","locations":[{"start":{"line":70,"column":16},"end":{"line":70,"column":22},"skip":true},{"start":{"line":70,"column":27},"end":{"line":70,"column":32},"skip":true},{"start":{"line":71,"column":20},"end":{"line":71,"column":39},"skip":true},{"start":{"line":72,"column":20},"end":{"line":72,"column":49},"skip":true},{"start":{"line":73,"column":20},"end":{"line":73,"column":58},"skip":true},{"start":{"line":74,"column":20},"end":{"line":74,"column":69},"skip":true}]},"9":{"line":79,"type":"switch","locations":[{"start":{"line":80,"column":20},"end":{"line":80,"column":33},"skip":true},{"start":{"line":81,"column":20},"end":{"line":83,"column":30},"skip":true},{"start":{"line":84,"column":20},"end":{"line":85,"column":49},"skip":true}]},"10":{"line":89,"type":"switch","locations":[{"start":{"line":90,"column":12},"end":{"line":103,"column":22},"skip":true},{"start":{"line":105,"column":12},"end":{"line":106,"column":22},"skip":true}]},"11":{"line":89,"type":"binary-expr","locations":[{"start":{"line":89,"column":20},"end":{"line":89,"column":25},"skip":true},{"start":{"line":89,"column":29},"end":{"line":89,"column":48},"skip":true},{"start":{"line":89,"column":52},"end":{"line":89,"column":74},"skip":true}]},"12":{"line":92,"type":"if","locations":[{"start":{"line":92,"column":16},"end":{"line":92,"column":16},"skip":true},{"start":{"line":92,"column":16},"end":{"line":92,"column":16},"skip":true}]},"13":{"line":108,"type":"if","locations":[{"start":{"line":108,"column":12},"end":{"line":108,"column":12},"skip":true},{"start":{"line":108,"column":12},"end":{"line":108,"column":12},"skip":true}]},"14":{"line":108,"type":"binary-expr","locations":[{"start":{"line":108,"column":16},"end":{"line":108,"column":61},"skip":true},{"start":{"line":108,"column":66},"end":{"line":108,"column":72},"skip":true},{"start":{"line":108,"column":77},"end":{"line":108,"column":82},"skip":true},{"start":{"line":109,"column":20},"end":{"line":109,"column":39},"skip":true},{"start":{"line":110,"column":20},"end":{"line":110,"column":49},"skip":true},{"start":{"line":111,"column":20},"end":{"line":111,"column":58},"skip":true},{"start":{"line":112,"column":20},"end":{"line":112,"column":68},"skip":true}]},"15":{"line":129,"type":"if","locations":[{"start":{"line":129,"column":16},"end":{"line":129,"column":16},"skip":true},{"start":{"line":129,"column":16},"end":{"line":129,"column":16},"skip":true}]},"16":{"line":134,"type":"cond-expr","locations":[{"start":{"line":135,"column":26},"end":{"line":135,"column":29},"skip":true},{"start":{"line":136,"column":26},"end":{"line":136,"column":54},"skip":true}]},"17":{"line":164,"type":"binary-expr","locations":[{"start":{"line":164,"column":27},"end":{"line":164,"column":43},"skip":true},{"start":{"line":164,"column":47},"end":{"line":164,"column":49},"skip":true}]},"18":{"line":258,"type":"if","locations":[{"start":{"line":258,"column":8},"end":{"line":258,"column":8},"skip":true},{"start":{"line":258,"column":8},"end":{"line":258,"column":8},"skip":true}]},"19":{"line":275,"type":"switch","locations":[{"start":{"line":276,"column":20},"end":{"line":277,"column":64},"skip":true},{"start":{"line":278,"column":20},"end":{"line":279,"column":40},"skip":true},{"start":{"line":280,"column":20},"end":{"line":281,"column":40},"skip":true},{"start":{"line":282,"column":20},"end":{"line":283,"column":39},"skip":true}]},"20":{"line":288,"type":"if","locations":[{"start":{"line":288,"column":8},"end":{"line":288,"column":8},"skip":true},{"start":{"line":288,"column":8},"end":{"line":288,"column":8},"skip":true}]},"21":{"line":288,"type":"binary-expr","locations":[{"start":{"line":288,"column":12},"end":{"line":288,"column":40},"skip":true},{"start":{"line":288,"column":44},"end":{"line":288,"column":67},"skip":true}]},"22":{"line":292,"type":"binary-expr","locations":[{"start":{"line":292,"column":12},"end":{"line":292,"column":50},"skip":true},{"start":{"line":293,"column":12},"end":{"line":293,"column":53},"skip":true}]},"23":{"line":297,"type":"binary-expr","locations":[{"start":{"line":297,"column":12},"end":{"line":297,"column":61},"skip":true},{"start":{"line":298,"column":12},"end":{"line":301,"column":36},"skip":true}]},"24":{"line":303,"type":"binary-expr","locations":[{"start":{"line":303,"column":43},"end":{"line":303,"column":75},"skip":true},{"start":{"line":303,"column":79},"end":{"line":303,"column":81},"skip":true}]},"25":{"line":306,"type":"if","locations":[{"start":{"line":306,"column":8},"end":{"line":306,"column":8},"skip":true},{"start":{"line":306,"column":8},"end":{"line":306,"column":8},"skip":true}]},"26":{"line":310,"type":"if","locations":[{"start":{"line":310,"column":8},"end":{"line":310,"column":8},"skip":true},{"start":{"line":310,"column":8},"end":{"line":310,"column":8},"skip":true}]},"27":{"line":313,"type":"binary-expr","locations":[{"start":{"line":313,"column":27},"end":{"line":313,"column":43},"skip":true},{"start":{"line":313,"column":47},"end":{"line":313,"column":53},"skip":true}]},"28":{"line":317,"type":"if","locations":[{"start":{"line":317,"column":12},"end":{"line":317,"column":12},"skip":true},{"start":{"line":317,"column":12},"end":{"line":317,"column":12},"skip":true}]}},"code":["/*","example.js","","quickstart example","","instruction","    1. save this script as example.js","    2. run the shell command:","        $ npm install npmtest-ava && PORT=8081 node example.js","    3. play with the browser-demo on http://127.0.0.1:8081","*/","","","","/* istanbul instrument in package npmtest_ava */","/*jslint","    bitwise: true,","    browser: true,","    maxerr: 8,","    maxlen: 96,","    node: true,","    nomen: true,","    regexp: true,","    stupid: true","*/","(function () {","    'use strict';","    var local;","","","","    // run shared js-env code - pre-init","    (function () {","        // init local","        local = {};","        // init modeJs","        local.modeJs = (function () {","            try {","                return typeof navigator.userAgent === 'string' &&","                    typeof document.querySelector('body') === 'object' &&","                    typeof XMLHttpRequest.prototype.open === 'function' &&","                    'browser';","            } catch (errorCaughtBrowser) {","                return module.exports &&","                    typeof process.versions.node === 'string' &&","                    typeof require('http').createServer === 'function' &&","                    'node';","            }","        }());","        // init global","        local.global = local.modeJs === 'browser'","            ? window","            : global;","        // init utility2_rollup","        local = local.global.utility2_rollup || (local.modeJs === 'browser'","            ? local.global.utility2_npmtest_ava","            : global.utility2_moduleExports);","        // export local","        local.global.local = local;","    }());","    switch (local.modeJs) {","","","","    // post-init","    // run browser js-env code - post-init","    /* istanbul ignore next */","    case 'browser':","        local.testRunBrowser = function (event) {","            if (!event || (event &&","                    event.currentTarget &&","                    event.currentTarget.className &&","                    event.currentTarget.className.includes &&","                    event.currentTarget.className.includes('onreset'))) {","                // reset output","                Array.from(","                    document.querySelectorAll('body > .resettable')","                ).forEach(function (element) {","                    switch (element.tagName) {","                    case 'INPUT':","                    case 'TEXTAREA':","                        element.value = '';","                        break;","                    default:","                        element.textContent = '';","                    }","                });","            }","            switch (event && event.currentTarget && event.currentTarget.id) {","            case 'testRunButton1':","                // show tests","                if (document.querySelector('#testReportDiv1').style.display === 'none') {","                    document.querySelector('#testReportDiv1').style.display = 'block';","                    document.querySelector('#testRunButton1').textContent =","                        'hide internal test';","                    local.modeTest = true;","                    local.testRunDefault(local);","                // hide tests","                } else {","                    document.querySelector('#testReportDiv1').style.display = 'none';","                    document.querySelector('#testRunButton1').textContent = 'run internal test';","                }","                break;","            // custom-case","            default:","                break;","            }","            if (document.querySelector('#inputTextareaEval1') && (!event || (event &&","                    event.currentTarget &&","                    event.currentTarget.className &&","                    event.currentTarget.className.includes &&","                    event.currentTarget.className.includes('oneval')))) {","                // try to eval input-code","                try {","                    /*jslint evil: true*/","                    eval(document.querySelector('#inputTextareaEval1').value);","                } catch (errorCaught) {","                    console.error(errorCaught);","                }","            }","        };","        // log stderr and stdout to #outputTextareaStdout1","        ['error', 'log'].forEach(function (key) {","            console[key + '_original'] = console[key];","            console[key] = function () {","                var element;","                console[key + '_original'].apply(console, arguments);","                element = document.querySelector('#outputTextareaStdout1');","                if (!element) {","                    return;","                }","                // append text to #outputTextareaStdout1","                element.value += Array.from(arguments).map(function (arg) {","                    return typeof arg === 'string'","                        ? arg","                        : JSON.stringify(arg, null, 4);","                }).join(' ') + '\\n';","                // scroll textarea to bottom","                element.scrollTop = element.scrollHeight;","            };","        });","        // init event-handling","        ['change', 'click', 'keyup'].forEach(function (event) {","            Array.from(document.querySelectorAll('.on' + event)).forEach(function (element) {","                element.addEventListener(event, local.testRunBrowser);","            });","        });","        // run tests","        local.testRunBrowser();","        break;","","","","    // run node js-env code - post-init","    /* istanbul ignore next */","    case 'node':","        // export local","        module.exports = local;","        // require modules","        local.fs = require('fs');","        local.http = require('http');","        local.url = require('url');","        // init assets","        local.assetsDict = local.assetsDict || {};","        /* jslint-ignore-begin */","        local.assetsDict['/assets.index.template.html'] = '\\","<!doctype html>\\n\\","<html lang=\"en\">\\n\\","<head>\\n\\","<meta charset=\"UTF-8\">\\n\\","<meta name=\"viewport\" content=\"width=device-width, initial-scale=1\">\\n\\","<title>{{env.npm_package_name}} (v{{env.npm_package_version}})</title>\\n\\","<style>\\n\\","/*csslint\\n\\","    box-sizing: false,\\n\\","    universal-selector: false\\n\\","*/\\n\\","* {\\n\\","    box-sizing: border-box;\\n\\","}\\n\\","body {\\n\\","    background: #dde;\\n\\","    font-family: Arial, Helvetica, sans-serif;\\n\\","    margin: 2rem;\\n\\","}\\n\\","body > * {\\n\\","    margin-bottom: 1rem;\\n\\","}\\n\\",".utility2FooterDiv {\\n\\","    margin-top: 20px;\\n\\","    text-align: center;\\n\\","}\\n\\","</style>\\n\\","<style>\\n\\","/*csslint\\n\\","*/\\n\\","textarea {\\n\\","    font-family: monospace;\\n\\","    height: 10rem;\\n\\","    width: 100%;\\n\\","}\\n\\","textarea[readonly] {\\n\\","    background: #ddd;\\n\\","}\\n\\","</style>\\n\\","</head>\\n\\","<body>\\n\\","<!-- utility2-comment\\n\\","<div id=\"ajaxProgressDiv1\" style=\"background: #d00; height: 2px; left: 0; margin: 0; padding: 0; position: fixed; top: 0; transition: background 0.5s, width 1.5s; width: 25%;\"></div>\\n\\","utility2-comment -->\\n\\","<h1>\\n\\","<!-- utility2-comment\\n\\","    <a\\n\\","        {{#if env.npm_package_homepage}}\\n\\","        href=\"{{env.npm_package_homepage}}\"\\n\\","        {{/if env.npm_package_homepage}}\\n\\","        target=\"_blank\"\\n\\","    >\\n\\","utility2-comment -->\\n\\","        {{env.npm_package_name}} (v{{env.npm_package_version}})\\n\\","<!-- utility2-comment\\n\\","    </a>\\n\\","utility2-comment -->\\n\\","</h1>\\n\\","<h3>{{env.npm_package_description}}</h3>\\n\\","<!-- utility2-comment\\n\\","<h4><a download href=\"assets.app.js\">download standalone app</a></h4>\\n\\","<button class=\"onclick onreset\" id=\"testRunButton1\">run internal test</button><br>\\n\\","<div id=\"testReportDiv1\" style=\"display: none;\"></div>\\n\\","utility2-comment -->\\n\\","\\n\\","\\n\\","\\n\\","<label>stderr and stdout</label>\\n\\","<textarea class=\"resettable\" id=\"outputTextareaStdout1\" readonly></textarea>\\n\\","<!-- utility2-comment\\n\\","{{#if isRollup}}\\n\\","<script src=\"assets.app.js\"></script>\\n\\","{{#unless isRollup}}\\n\\","utility2-comment -->\\n\\","<script src=\"assets.utility2.rollup.js\"></script>\\n\\","<script src=\"jsonp.utility2._stateInit?callback=window.utility2._stateInit\"></script>\\n\\","<script src=\"assets.npmtest_ava.rollup.js\"></script>\\n\\","<script src=\"assets.example.js\"></script>\\n\\","<script src=\"assets.test.js\"></script>\\n\\","<!-- utility2-comment\\n\\","{{/if isRollup}}\\n\\","utility2-comment -->\\n\\","<div class=\"utility2FooterDiv\">\\n\\","    [ this app was created with\\n\\","    <a href=\"https://github.com/kaizhu256/node-utility2\" target=\"_blank\">utility2</a>\\n\\","    ]\\n\\","</div>\\n\\","</body>\\n\\","</html>\\n\\","';","        /* jslint-ignore-end */","        if (local.templateRender) {","            local.assetsDict['/'] = local.templateRender(","                local.assetsDict['/assets.index.template.html'],","                {","                    env: local.objectSetDefault(local.env, {","                        npm_package_description: 'the greatest app in the world!',","                        npm_package_name: 'my-app',","                        npm_package_nameAlias: 'my_app',","                        npm_package_version: '0.0.1'","                    })","                }","            );","        } else {","            local.assetsDict['/'] = local.assetsDict['/assets.index.template.html']","                .replace((/\\{\\{env\\.(\\w+?)\\}\\}/g), function (match0, match1) {","                    // jslint-hack","                    String(match0);","                    switch (match1) {","                    case 'npm_package_description':","                        return 'the greatest app in the world!';","                    case 'npm_package_name':","                        return 'my-app';","                    case 'npm_package_nameAlias':","                        return 'my_app';","                    case 'npm_package_version':","                        return '0.0.1';","                    }","                });","        }","        // run the cli","        if (local.global.utility2_rollup || module !== require.main) {","            break;","        }","        local.assetsDict['/assets.example.js'] =","            local.assetsDict['/assets.example.js'] ||","            local.fs.readFileSync(__filename, 'utf8');","        // bug-workaround - long $npm_package_buildCustomOrg","        /* jslint-ignore-begin */","        local.assetsDict['/assets.npmtest_ava.rollup.js'] =","            local.assetsDict['/assets.npmtest_ava.rollup.js'] ||","            local.fs.readFileSync(","                local.npmtest_ava.__dirname + '/lib.npmtest_ava.js',","                'utf8'","            ).replace((/^#!/), '//');","        /* jslint-ignore-end */","        local.assetsDict['/favicon.ico'] = local.assetsDict['/favicon.ico'] || '';","        // if $npm_config_timeout_exit exists,","        // then exit this process after $npm_config_timeout_exit ms","        if (Number(process.env.npm_config_timeout_exit)) {","            setTimeout(process.exit, Number(process.env.npm_config_timeout_exit));","        }","        // start server","        if (local.global.utility2_serverHttp1) {","            break;","        }","        process.env.PORT = process.env.PORT || '8081';","        console.error('server starting on port ' + process.env.PORT);","        local.http.createServer(function (request, response) {","            request.urlParsed = local.url.parse(request.url);","            if (local.assetsDict[request.urlParsed.pathname] !== undefined) {","                response.end(local.assetsDict[request.urlParsed.pathname]);","                return;","            }","            response.statusCode = 404;","            response.end();","        }).listen(process.env.PORT);","        break;","    }","}());",""],"l":{"26":2,"28":2,"33":2,"35":2,"37":2,"38":2,"39":2,"44":1,"51":2,"55":2,"59":2,"61":2,"69":1,"70":2,"76":2,"79":2,"82":2,"83":2,"85":1,"89":2,"92":1,"93":1,"94":1,"96":1,"97":1,"100":1,"101":1,"103":1,"106":1,"108":2,"114":1,"116":1,"118":1,"123":1,"124":2,"125":2,"126":3,"127":3,"128":3,"129":3,"130":1,"133":3,"134":3,"139":3,"143":1,"144":3,"145":1,"149":1,"150":1,"158":1,"160":1,"161":1,"162":1,"164":1,"166":1,"258":1,"259":1,"271":1,"274":6,"275":6,"277":1,"279":2,"281":1,"283":2,"288":1,"289":1,"291":1,"296":1,"303":1,"306":1,"307":1,"310":1,"311":1,"313":1,"314":1,"315":1,"316":1,"317":1,"318":1,"319":1,"321":1,"322":1,"324":1}},"/home/travis/build/npmtest/node-npmtest-ava/node_modules/ava/index.js":{"path":"/home/travis/build/npmtest/node-npmtest-ava/node_modules/ava/index.js","s":{"1":2,"2":0,"3":2},"b":{"1":[0,2],"2":[2,1]},"f":{},"fnMap":{},"statementMap":{"1":{"start":{"line":4,"column":0},"end":{"line":8,"column":1}},"2":{"start":{"line":5,"column":1},"end":{"line":5,"column":48}},"3":{"start":{"line":7,"column":1},"end":{"line":7,"column":40}}},"branchMap":{"1":{"line":4,"type":"if","locations":[{"start":{"line":4,"column":0},"end":{"line":4,"column":0}},{"start":{"line":4,"column":0},"end":{"line":4,"column":0}}]},"2":{"line":4,"type":"binary-expr","locations":[{"start":{"line":4,"column":4},"end":{"line":4,"column":24}},{"start":{"line":4,"column":28},"end":{"line":4,"column":62}}]}},"code":["'use strict';","","// Ensure the same AVA install is loaded by the test file as by the test worker","if (process.env.AVA_PATH && process.env.AVA_PATH !== __dirname) {","\tmodule.exports = require(process.env.AVA_PATH); // eslint-disable-line import/no-dynamic-require","} else {","\tmodule.exports = require('./lib/main');","}",""],"l":{"4":2,"5":0,"7":2}},"/home/travis/build/npmtest/node-npmtest-ava/node_modules/ava/lib/main.js":{"path":"/home/travis/build/npmtest/node-npmtest-ava/node_modules/ava/lib/main.js","s":{"1":4,"2":0,"3":0,"4":0,"5":0,"6":0,"7":0,"8":0,"9":0,"10":0,"11":1,"12":0,"13":0,"14":0,"15":0,"16":0,"17":0,"18":0,"19":0,"20":0,"21":0,"22":0,"23":0,"24":1,"25":0,"26":0,"27":0,"28":0,"29":0,"30":0,"31":0,"32":0,"33":0,"34":0,"35":0,"36":0,"37":0,"38":0,"39":0,"40":0,"41":0,"42":0,"43":0,"44":0,"45":0},"b":{"1":[0,0],"2":[0,0],"3":[0,0],"4":[0,0],"5":[0,0],"6":[0,0],"7":[0,0]},"f":{"1":0,"2":0},"fnMap":{"1":{"name":"test","line":26,"loc":{"start":{"line":26,"column":0},"end":{"line":26,"column":21}}},"2":{"name":"exit","line":52,"loc":{"start":{"line":52,"column":0},"end":{"line":52,"column":16}}}},"statementMap":{"1":{"start":{"line":2,"column":0},"end":{"line":2,"column":40}},"2":{"start":{"line":3,"column":0},"end":{"line":3,"column":45}},"3":{"start":{"line":4,"column":0},"end":{"line":4,"column":52}},"4":{"start":{"line":5,"column":0},"end":{"line":5,"column":37}},"5":{"start":{"line":6,"column":0},"end":{"line":6,"column":35}},"6":{"start":{"line":8,"column":0},"end":{"line":8,"column":29}},"7":{"start":{"line":9,"column":0},"end":{"line":16,"column":3}},"8":{"start":{"line":18,"column":0},"end":{"line":18,"column":25}},"9":{"start":{"line":22,"column":0},"end":{"line":22,"column":21}},"10":{"start":{"line":24,"column":0},"end":{"line":24,"column":33}},"11":{"start":{"line":26,"column":0},"end":{"line":50,"column":1}},"12":{"start":{"line":27,"column":1},"end":{"line":29,"column":2}},"13":{"start":{"line":28,"column":2},"end":{"line":28,"column":9}},"14":{"start":{"line":31,"column":1},"end":{"line":31,"column":53}},"15":{"start":{"line":34,"column":1},"end":{"line":36,"column":2}},"16":{"start":{"line":35,"column":2},"end":{"line":35,"column":9}},"17":{"start":{"line":38,"column":1},"end":{"line":42,"column":2}},"18":{"start":{"line":39,"column":2},"end":{"line":39,"column":44}},"19":{"start":{"line":41,"column":2},"end":{"line":41,"column":21}},"20":{"start":{"line":44,"column":1},"end":{"line":44,"column":29}},"21":{"start":{"line":46,"column":1},"end":{"line":49,"column":2}},"22":{"start":{"line":47,"column":2},"end":{"line":47,"column":18}},"23":{"start":{"line":48,"column":2},"end":{"line":48,"column":9}},"24":{"start":{"line":52,"column":0},"end":{"line":58,"column":1}},"25":{"start":{"line":54,"column":1},"end":{"line":54,"column":26}},"26":{"start":{"line":56,"column":1},"end":{"line":56,"column":35}},"27":{"start":{"line":57,"column":1},"end":{"line":57,"column":34}},"28":{"start":{"line":60,"column":0},"end":{"line":96,"column":3}},"29":{"start":{"line":61,"column":1},"end":{"line":61,"column":48}},"30":{"start":{"line":62,"column":1},"end":{"line":62,"column":46}},"31":{"start":{"line":64,"column":1},"end":{"line":67,"column":2}},"32":{"start":{"line":65,"column":2},"end":{"line":65,"column":48}},"33":{"start":{"line":66,"column":2},"end":{"line":66,"column":9}},"34":{"start":{"line":69,"column":1},"end":{"line":72,"column":4}},"35":{"start":{"line":74,"column":1},"end":{"line":74,"column":25}},"36":{"start":{"line":76,"column":1},"end":{"line":91,"column":4}},"37":{"start":{"line":80,"column":2},"end":{"line":80,"column":29}},"38":{"start":{"line":82,"column":2},"end":{"line":90,"column":6}},"39":{"start":{"line":84,"column":4},"end":{"line":84,"column":31}},"40":{"start":{"line":86,"column":4},"end":{"line":86,"column":18}},"41":{"start":{"line":89,"column":4},"end":{"line":89,"column":43}},"42":{"start":{"line":93,"column":1},"end":{"line":95,"column":4}},"43":{"start":{"line":94,"column":2},"end":{"line":94,"column":9}},"44":{"start":{"line":98,"column":0},"end":{"line":98,"column":30}},"45":{"start":{"line":103,"column":0},"end":{"line":103,"column":38}}},"branchMap":{"1":{"line":27,"type":"if","locations":[{"start":{"line":27,"column":1},"end":{"line":27,"column":1}},{"start":{"line":27,"column":1},"end":{"line":27,"column":1}}]},"2":{"line":34,"type":"if","locations":[{"start":{"line":34,"column":1},"end":{"line":34,"column":1}},{"start":{"line":34,"column":1},"end":{"line":34,"column":1}}]},"3":{"line":34,"type":"binary-expr","locations":[{"start":{"line":34,"column":5},"end":{"line":34,"column":14}},{"start":{"line":34,"column":18},"end":{"line":34,"column":39}}]},"4":{"line":38,"type":"if","locations":[{"start":{"line":38,"column":1},"end":{"line":38,"column":1}},{"start":{"line":38,"column":1},"end":{"line":38,"column":1}}]},"5":{"line":46,"type":"if","locations":[{"start":{"line":46,"column":1},"end":{"line":46,"column":1}},{"start":{"line":46,"column":1},"end":{"line":46,"column":1}}]},"6":{"line":46,"type":"binary-expr","locations":[{"start":{"line":46,"column":5},"end":{"line":46,"column":13}},{"start":{"line":46,"column":17},"end":{"line":46,"column":30}}]},"7":{"line":64,"type":"if","locations":[{"start":{"line":64,"column":1},"end":{"line":64,"column":1}},{"start":{"line":64,"column":1},"end":{"line":64,"column":1}}]}},"code":["'use strict';","const worker = require('./test-worker');","const adapter = require('./process-adapter');","const serializeError = require('./serialize-error');","const globals = require('./globals');","const Runner = require('./runner');","","const opts = globals.options;","const runner = new Runner({","\tbail: opts.failFast,","\tfailWithoutAssertions: opts.failWithoutAssertions,","\tfile: opts.file,","\tmatch: opts.match,","\tserial: opts.serial,","\tupdateSnapshots: opts.updateSnapshots","});","","worker.setRunner(runner);","","// If fail-fast is enabled, use this variable to detect","// that no more tests should be logged","let isFailed = false;","","Error.stackTraceLimit = Infinity;","","function test(props) {","\tif (isFailed) {","\t\treturn;","\t}","","\tconst hasError = typeof props.error !== 'undefined';","","\t// Don't display anything if it's a passed hook","\tif (!hasError && props.type !== 'test') {","\t\treturn;","\t}","","\tif (hasError) {","\t\tprops.error = serializeError(props.error);","\t} else {","\t\tprops.error = null;","\t}","","\tadapter.send('test', props);","","\tif (hasError && opts.failFast) {","\t\tisFailed = true;","\t\texit();","\t}","}","","function exit() {","\t// Reference the IPC channel now that tests have finished running.","\tadapter.ipcChannel.ref();","","\tconst stats = runner.buildStats();","\tadapter.send('results', {stats});","}","","globals.setImmediate(() => {","\tconst hasExclusive = runner.tests.hasExclusive;","\tconst numberOfTests = runner.tests.testCount;","","\tif (numberOfTests === 0) {","\t\tadapter.send('no-tests', {avaRequired: true});","\t\treturn;","\t}","","\tadapter.send('stats', {","\t\ttestCount: numberOfTests,","\t\thasExclusive","\t});","","\trunner.on('test', test);","","\tprocess.on('ava-run', options => {","\t\t// Unreference the IPC channel. This stops it from keeping the event loop","\t\t// busy, which means the `beforeExit` event can be used to detect when tests","\t\t// stall.","\t\tadapter.ipcChannel.unref();","","\t\trunner.run(options)","\t\t\t.then(() => {","\t\t\t\trunner.saveSnapshotState();","","\t\t\t\treturn exit();","\t\t\t})","\t\t\t.catch(err => {","\t\t\t\tprocess.emit('uncaughtException', err);","\t\t\t});","\t});","","\tprocess.on('ava-init-exit', () => {","\t\texit();","\t});","});","","module.exports = runner.chain;","","// TypeScript imports the `default` property for","// an ES2015 default import (`import test from 'ava'`)","// See: https://github.com/Microsoft/TypeScript/issues/2242#issuecomment-83694181","module.exports.default = runner.chain;",""],"l":{"2":4,"3":0,"4":0,"5":0,"6":0,"8":0,"9":0,"18":0,"22":0,"24":0,"26":1,"27":0,"28":0,"31":0,"34":0,"35":0,"38":0,"39":0,"41":0,"44":0,"46":0,"47":0,"48":0,"52":1,"54":0,"56":0,"57":0,"60":0,"61":0,"62":0,"64":0,"65":0,"66":0,"69":0,"74":0,"76":0,"80":0,"82":0,"84":0,"86":0,"89":0,"93":0,"94":0,"98":0,"103":0}},"/home/travis/build/npmtest/node-npmtest-ava/node_modules/ava/lib/test-worker.js":{"path":"/home/travis/build/npmtest/node-npmtest-ava/node_modules/ava/lib/test-worker.js","s":{"1":4,"2":4,"3":4,"4":4,"5":4,"6":4,"7":4,"8":4,"9":4,"10":4,"11":4,"12":4,"13":0,"14":0,"15":0,"16":0,"17":0,"18":0,"19":0,"20":0,"21":0,"22":0,"23":0,"24":0,"25":0,"26":0,"27":0,"28":0,"29":0,"30":1,"31":0,"32":0,"33":0,"34":0,"35":0,"36":0,"37":0,"38":0,"39":0,"40":0,"41":0,"42":0,"43":0,"44":0,"45":0,"46":0,"47":0,"48":0,"49":0,"50":0,"51":0,"52":0,"53":0,"54":0,"55":0,"56":0,"57":0,"58":0,"59":0,"60":0,"61":0,"62":0,"63":0,"64":0},"b":{"1":[4,0],"2":[0,0],"3":[0,0],"4":[0,0],"5":[0,0],"6":[0,0],"7":[0,0],"8":[0,0],"9":[0,0],"10":[0,0]},"f":{"1":0},"fnMap":{"1":{"name":"attributeLeakedError","line":56,"loc":{"start":{"line":56,"column":0},"end":{"line":56,"column":35}}}},"statementMap":{"1":{"start":{"line":6,"column":1},"end":{"line":6,"column":30}},"2":{"start":{"line":7,"column":1},"end":{"line":7,"column":32}},"3":{"start":{"line":9,"column":1},"end":{"line":9,"column":53}},"4":{"start":{"line":10,"column":1},"end":{"line":17,"column":2}},"5":{"start":{"line":11,"column":2},"end":{"line":11,"column":49}},"6":{"start":{"line":13,"column":2},"end":{"line":13,"column":16}},"7":{"start":{"line":14,"column":2},"end":{"line":14,"column":129}},"8":{"start":{"line":16,"column":2},"end":{"line":16,"column":18}},"9":{"start":{"line":21,"column":0},"end":{"line":21,"column":37}},"10":{"start":{"line":22,"column":0},"end":{"line":22,"column":60}},"11":{"start":{"line":23,"column":0},"end":{"line":23,"column":32}},"12":{"start":{"line":24,"column":0},"end":{"line":24,"column":45}},"13":{"start":{"line":25,"column":0},"end":{"line":25,"column":37}},"14":{"start":{"line":26,"column":0},"end":{"line":26,"column":52}},"15":{"start":{"line":28,"column":0},"end":{"line":28,"column":26}},"16":{"start":{"line":29,"column":0},"end":{"line":29,"column":27}},"17":{"start":{"line":30,"column":0},"end":{"line":30,"column":23}},"18":{"start":{"line":33,"column":0},"end":{"line":33,"column":27}},"19":{"start":{"line":35,"column":0},"end":{"line":35,"column":38}},"20":{"start":{"line":37,"column":0},"end":{"line":37,"column":34}},"21":{"start":{"line":38,"column":0},"end":{"line":38,"column":33}},"22":{"start":{"line":40,"column":0},"end":{"line":40,"column":24}},"23":{"start":{"line":41,"column":0},"end":{"line":41,"column":58}},"24":{"start":{"line":44,"column":0},"end":{"line":44,"column":18}},"25":{"start":{"line":45,"column":0},"end":{"line":47,"column":2}},"26":{"start":{"line":46,"column":1},"end":{"line":46,"column":20}},"27":{"start":{"line":49,"column":0},"end":{"line":49,"column":18}},"28":{"start":{"line":52,"column":0},"end":{"line":54,"column":1}},"29":{"start":{"line":53,"column":1},"end":{"line":53,"column":48}},"30":{"start":{"line":56,"column":0},"end":{"line":62,"column":1}},"31":{"start":{"line":57,"column":1},"end":{"line":59,"column":2}},"32":{"start":{"line":58,"column":2},"end":{"line":58,"column":15}},"33":{"start":{"line":61,"column":1},"end":{"line":61,"column":41}},"34":{"start":{"line":64,"column":0},"end":{"line":64,"column":39}},"35":{"start":{"line":65,"column":0},"end":{"line":69,"column":3}},"36":{"start":{"line":66,"column":1},"end":{"line":68,"column":2}},"37":{"start":{"line":67,"column":2},"end":{"line":67,"column":36}},"38":{"start":{"line":71,"column":0},"end":{"line":95,"column":3}},"39":{"start":{"line":72,"column":1},"end":{"line":74,"column":2}},"40":{"start":{"line":73,"column":2},"end":{"line":73,"column":9}},"41":{"start":{"line":76,"column":1},"end":{"line":76,"column":16}},"42":{"start":{"line":77,"column":1},"end":{"line":88,"column":2}},"43":{"start":{"line":78,"column":2},"end":{"line":78,"column":41}},"44":{"start":{"line":81,"column":2},"end":{"line":81,"column":66}},"45":{"start":{"line":82,"column":2},"end":{"line":87,"column":4}},"46":{"start":{"line":92,"column":1},"end":{"line":92,"column":26}},"47":{"start":{"line":94,"column":1},"end":{"line":94,"column":60}},"48":{"start":{"line":97,"column":0},"end":{"line":97,"column":24}},"49":{"start":{"line":98,"column":0},"end":{"line":126,"column":3}},"50":{"start":{"line":100,"column":1},"end":{"line":102,"column":2}},"51":{"start":{"line":101,"column":2},"end":{"line":101,"column":9}},"52":{"start":{"line":103,"column":1},"end":{"line":103,"column":20}},"53":{"start":{"line":105,"column":1},"end":{"line":106,"column":69}},"54":{"start":{"line":106,"column":23},"end":{"line":106,"column":67}},"55":{"start":{"line":108,"column":1},"end":{"line":120,"column":2}},"56":{"start":{"line":109,"column":2},"end":{"line":117,"column":5}},"57":{"start":{"line":110,"column":3},"end":{"line":110,"column":33}},"58":{"start":{"line":111,"column":3},"end":{"line":115,"column":4}},"59":{"start":{"line":112,"column":4},"end":{"line":114,"column":6}},"60":{"start":{"line":116,"column":3},"end":{"line":116,"column":33}},"61":{"start":{"line":119,"column":2},"end":{"line":119,"column":52}},"62":{"start":{"line":125,"column":1},"end":{"line":125,"column":42}},"63":{"start":{"line":128,"column":0},"end":{"line":130,"column":3}},"64":{"start":{"line":129,"column":1},"end":{"line":129,"column":17}}},"branchMap":{"1":{"line":10,"type":"if","locations":[{"start":{"line":10,"column":1},"end":{"line":10,"column":1}},{"start":{"line":10,"column":1},"end":{"line":10,"column":1}}]},"2":{"line":35,"type":"binary-expr","locations":[{"start":{"line":35,"column":1},"end":{"line":35,"column":13}},{"start":{"line":35,"column":17},"end":{"line":35,"column":19}}]},"3":{"line":52,"type":"if","locations":[{"start":{"line":52,"column":0},"end":{"line":52,"column":0}},{"start":{"line":52,"column":0},"end":{"line":52,"column":0}}]},"4":{"line":57,"type":"if","locations":[{"start":{"line":57,"column":1},"end":{"line":57,"column":1}},{"start":{"line":57,"column":1},"end":{"line":57,"column":1}}]},"5":{"line":66,"type":"if","locations":[{"start":{"line":66,"column":1},"end":{"line":66,"column":1}},{"start":{"line":66,"column":1},"end":{"line":66,"column":1}}]},"6":{"line":72,"type":"if","locations":[{"start":{"line":72,"column":1},"end":{"line":72,"column":1}},{"start":{"line":72,"column":1},"end":{"line":72,"column":1}}]},"7":{"line":100,"type":"if","locations":[{"start":{"line":100,"column":1},"end":{"line":100,"column":1}},{"start":{"line":100,"column":1},"end":{"line":100,"column":1}}]},"8":{"line":108,"type":"if","locations":[{"start":{"line":108,"column":1},"end":{"line":108,"column":1}},{"start":{"line":108,"column":1},"end":{"line":108,"column":1}}]},"9":{"line":111,"type":"if","locations":[{"start":{"line":111,"column":3},"end":{"line":111,"column":3}},{"start":{"line":111,"column":3},"end":{"line":111,"column":3}}]},"10":{"line":111,"type":"binary-expr","locations":[{"start":{"line":111,"column":7},"end":{"line":111,"column":21}},{"start":{"line":111,"column":25},"end":{"line":111,"column":59}}]}},"code":["'use strict';","","// Check if the test is being run without AVA cli","{","\t/* eslint-disable import/order */","\tconst path = require('path');","\tconst chalk = require('chalk');","","\tconst isForked = typeof process.send === 'function';","\tif (!isForked) {","\t\tconst fp = path.relative('.', process.argv[1]);","","\t\tconsole.log();","\t\tconsole.error('Test files must be run with the AVA CLI:\\n\\n    ' + chalk.grey.dim('$') + ' ' + chalk.cyan('ava ' + fp) + '\\n');","","\t\tprocess.exit(1); // eslint-disable-line unicorn/no-process-exit","\t}","}","","/* eslint-enable import/order */","const Bluebird = require('bluebird');","const currentlyUnhandled = require('currently-unhandled')();","const isObj = require('is-obj');","const adapter = require('./process-adapter');","const globals = require('./globals');","const serializeError = require('./serialize-error');","","const opts = adapter.opts;","const testPath = opts.file;","globals.options = opts;","","// Bluebird specific","Bluebird.longStackTraces();","","(opts.require || []).forEach(require);","","adapter.installSourceMapSupport();","adapter.installPrecompilerHook();","","const dependencies = [];","adapter.installDependencyTracking(dependencies, testPath);","","// Set when main.js is required (since test files should have `require('ava')`).","let runner = null;","exports.setRunner = newRunner => {","\trunner = newRunner;","};","","require(testPath); // eslint-disable-line import/no-dynamic-require","","// If AVA was not required, show an error","if (!runner) {","\tadapter.send('no-tests', {avaRequired: false});","}","","function attributeLeakedError(err) {","\tif (!runner) {","\t\treturn false;","\t}","","\treturn runner.attributeLeakedError(err);","}","","const attributedRejections = new Set();","process.on('unhandledRejection', (reason, promise) => {","\tif (attributeLeakedError(reason)) {","\t\tattributedRejections.add(promise);","\t}","});","","process.on('uncaughtException', exception => {","\tif (attributeLeakedError(exception)) {","\t\treturn;","\t}","","\tlet serialized;","\ttry {","\t\tserialized = serializeError(exception);","\t} catch (ignore) { // eslint-disable-line unicorn/catch-error-name","\t\t// Avoid using serializeError","\t\tconst err = new Error('Failed to serialize uncaught exception');","\t\tserialized = {","\t\t\tavaAssertionError: false,","\t\t\tname: err.name,","\t\t\tmessage: err.message,","\t\t\tstack: err.stack","\t\t};","\t}","","\t// Ensure the IPC channel is refereced. The uncaught exception will kick off","\t// the teardown sequence, for which the messages must be received.","\tadapter.ipcChannel.ref();","","\tadapter.send('uncaughtException', {exception: serialized});","});","","let tearingDown = false;","process.on('ava-teardown', () => {","\t// AVA-teardown can be sent more than once","\tif (tearingDown) {","\t\treturn;","\t}","\ttearingDown = true;","","\tlet rejections = currentlyUnhandled()","\t\t.filter(rejection => !attributedRejections.has(rejection.promise));","","\tif (rejections.length > 0) {","\t\trejections = rejections.map(rejection => {","\t\t\tlet reason = rejection.reason;","\t\t\tif (!isObj(reason) || typeof reason.message !== 'string') {","\t\t\t\treason = {","\t\t\t\t\tmessage: String(reason)","\t\t\t\t};","\t\t\t}","\t\t\treturn serializeError(reason);","\t\t});","","\t\tadapter.send('unhandledRejections', {rejections});","\t}","","\t// Include dependencies in the final teardown message. This ensures the full","\t// set of dependencies is included no matter how the process exits, unless","\t// it flat out crashes.","\tadapter.send('teardown', {dependencies});","});","","process.on('ava-exit', () => {","\tprocess.exit(0); // eslint-disable-line xo/no-process-exit","});",""],"l":{"6":4,"7":4,"9":4,"10":4,"11":4,"13":4,"14":4,"16":4,"21":4,"22":4,"23":4,"24":4,"25":0,"26":0,"28":0,"29":0,"30":0,"33":0,"35":0,"37":0,"38":0,"40":0,"41":0,"44":0,"45":0,"46":0,"49":0,"52":0,"53":0,"56":1,"57":0,"58":0,"61":0,"64":0,"65":0,"66":0,"67":0,"71":0,"72":0,"73":0,"76":0,"77":0,"78":0,"81":0,"82":0,"92":0,"94":0,"97":0,"98":0,"100":0,"101":0,"103":0,"105":0,"106":0,"108":0,"109":0,"110":0,"111":0,"112":0,"116":0,"119":0,"125":0,"128":0,"129":0}},"/home/travis/build/npmtest/node-npmtest-ava/node_modules/ava/lib/process-adapter.js":{"path":"/home/travis/build/npmtest/node-npmtest-ava/node_modules/ava/lib/process-adapter.js","s":{"1":6,"2":6,"3":6,"4":6,"5":6,"6":6,"7":0,"8":0,"9":0,"10":6,"11":0,"12":6,"13":6,"14":0,"15":0,"16":0,"17":0,"18":0,"19":0,"20":0,"21":0,"22":0,"23":0,"24":0,"25":0,"26":0,"27":0,"28":0,"29":0,"30":0,"31":0,"32":0,"33":0,"34":0,"35":0,"36":0,"37":0,"38":0,"39":0,"40":0,"41":0,"42":0,"43":0,"44":0,"45":0,"46":0,"47":0,"48":0},"b":{"1":[0,0],"2":[6,6],"3":[0,0],"4":[0,0],"5":[0,0],"6":[0,0],"7":[0,0],"8":[0,0],"9":[0,0],"10":[0,0],"11":[0,0]},"f":{"1":0,"2":0},"fnMap":{"1":{"name":"(anonymous_1)","line":41,"loc":{"start":{"line":41,"column":14},"end":{"line":41,"column":28}}},"2":{"name":"(anonymous_2)","line":67,"loc":{"start":{"line":67,"column":19},"end":{"line":67,"column":28}}}},"statementMap":{"1":{"start":{"line":2,"column":0},"end":{"line":2,"column":25}},"2":{"start":{"line":3,"column":0},"end":{"line":3,"column":29}},"3":{"start":{"line":4,"column":0},"end":{"line":4,"column":38}},"4":{"start":{"line":5,"column":0},"end":{"line":5,"column":55}},"5":{"start":{"line":6,"column":0},"end":{"line":6,"column":58}},"6":{"start":{"line":9,"column":0},"end":{"line":15,"column":3}},"7":{"start":{"line":10,"column":1},"end":{"line":12,"column":2}},"8":{"start":{"line":11,"column":2},"end":{"line":11,"column":9}},"9":{"start":{"line":14,"column":1},"end":{"line":14,"column":42}},"10":{"start":{"line":17,"column":0},"end":{"line":23,"column":2}},"11":{"start":{"line":18,"column":1},"end":{"line":22,"column":4}},"12":{"start":{"line":27,"column":0},"end":{"line":27,"column":57}},"13":{"start":{"line":29,"column":0},"end":{"line":29,"column":41}},"14":{"start":{"line":30,"column":0},"end":{"line":30,"column":20}},"15":{"start":{"line":33,"column":0},"end":{"line":48,"column":1}},"16":{"start":{"line":34,"column":1},"end":{"line":34,"column":29}},"17":{"start":{"line":35,"column":1},"end":{"line":35,"column":49}},"18":{"start":{"line":36,"column":1},"end":{"line":36,"column":37}},"19":{"start":{"line":38,"column":1},"end":{"line":38,"column":28}},"20":{"start":{"line":39,"column":1},"end":{"line":39,"column":27}},"21":{"start":{"line":41,"column":1},"end":{"line":47,"column":3}},"22":{"start":{"line":42,"column":2},"end":{"line":44,"column":3}},"23":{"start":{"line":43,"column":3},"end":{"line":43,"column":15}},"24":{"start":{"line":46,"column":2},"end":{"line":46,"column":20}},"25":{"start":{"line":50,"column":0},"end":{"line":58,"column":1}},"26":{"start":{"line":53,"column":1},"end":{"line":55,"column":2}},"27":{"start":{"line":54,"column":2},"end":{"line":54,"column":32}},"28":{"start":{"line":57,"column":1},"end":{"line":57,"column":25}},"29":{"start":{"line":60,"column":0},"end":{"line":60,"column":33}},"30":{"start":{"line":61,"column":0},"end":{"line":61,"column":31}},"31":{"start":{"line":63,"column":0},"end":{"line":76,"column":2}},"32":{"start":{"line":64,"column":1},"end":{"line":75,"column":4}},"33":{"start":{"line":68,"column":3},"end":{"line":73,"column":4}},"34":{"start":{"line":69,"column":4},"end":{"line":72,"column":6}},"35":{"start":{"line":78,"column":0},"end":{"line":89,"column":2}},"36":{"start":{"line":79,"column":1},"end":{"line":88,"column":4}},"37":{"start":{"line":80,"column":2},"end":{"line":80,"column":49}},"38":{"start":{"line":82,"column":2},"end":{"line":85,"column":3}},"39":{"start":{"line":83,"column":3},"end":{"line":83,"column":78}},"40":{"start":{"line":84,"column":3},"end":{"line":84,"column":76}},"41":{"start":{"line":87,"column":2},"end":{"line":87,"column":14}},"42":{"start":{"line":91,"column":0},"end":{"line":103,"column":2}},"43":{"start":{"line":92,"column":1},"end":{"line":102,"column":4}},"44":{"start":{"line":93,"column":2},"end":{"line":93,"column":49}},"45":{"start":{"line":95,"column":2},"end":{"line":101,"column":4}},"46":{"start":{"line":96,"column":3},"end":{"line":98,"column":4}},"47":{"start":{"line":97,"column":4},"end":{"line":97,"column":32}},"48":{"start":{"line":100,"column":3},"end":{"line":100,"column":36}}},"branchMap":{"1":{"line":10,"type":"if","locations":[{"start":{"line":10,"column":1},"end":{"line":10,"column":1}},{"start":{"line":10,"column":1},"end":{"line":10,"column":1}}]},"2":{"line":27,"type":"binary-expr","locations":[{"start":{"line":27,"column":21},"end":{"line":27,"column":36}},{"start":{"line":27,"column":40},"end":{"line":27,"column":56}}]},"3":{"line":33,"type":"if","locations":[{"start":{"line":33,"column":0},"end":{"line":33,"column":0}},{"start":{"line":33,"column":0},"end":{"line":33,"column":0}}]},"4":{"line":35,"type":"binary-expr","locations":[{"start":{"line":35,"column":26},"end":{"line":35,"column":42}},{"start":{"line":35,"column":46},"end":{"line":35,"column":48}}]},"5":{"line":42,"type":"if","locations":[{"start":{"line":42,"column":2},"end":{"line":42,"column":2}},{"start":{"line":42,"column":2},"end":{"line":42,"column":2}}]},"6":{"line":42,"type":"binary-expr","locations":[{"start":{"line":42,"column":6},"end":{"line":42,"column":14}},{"start":{"line":42,"column":18},"end":{"line":42,"column":39}}]},"7":{"line":50,"type":"if","locations":[{"start":{"line":50,"column":0},"end":{"line":50,"column":0}},{"start":{"line":50,"column":0},"end":{"line":50,"column":0}}]},"8":{"line":53,"type":"if","locations":[{"start":{"line":53,"column":1},"end":{"line":53,"column":1}},{"start":{"line":53,"column":1},"end":{"line":53,"column":1}}]},"9":{"line":68,"type":"if","locations":[{"start":{"line":68,"column":3},"end":{"line":68,"column":3}},{"start":{"line":68,"column":3},"end":{"line":68,"column":3}}]},"10":{"line":82,"type":"if","locations":[{"start":{"line":82,"column":2},"end":{"line":82,"column":2}},{"start":{"line":82,"column":2},"end":{"line":82,"column":2}}]},"11":{"line":96,"type":"if","locations":[{"start":{"line":96,"column":3},"end":{"line":96,"column":3}},{"start":{"line":96,"column":3},"end":{"line":96,"column":3}}]}},"code":["'use strict';","const fs = require('fs');","const path = require('path');","const debug = require('debug')('ava');","const sourceMapSupport = require('source-map-support');","const installPrecompiler = require('require-precompiled');","","// Parse and re-emit AVA messages","process.on('message', message => {","\tif (!message.ava) {","\t\treturn;","\t}","","\tprocess.emit(message.name, message.data);","});","","exports.send = (name, data) => {","\tprocess.send({","\t\tname: `ava-${name}`,","\t\tdata,","\t\tava: true","\t});","};","","// `process.channel` was added in Node.js 7.1.0, but the channel was available","// through an undocumented API as `process._channel`.","exports.ipcChannel = process.channel || process._channel;","","const opts = JSON.parse(process.argv[2]);","exports.opts = opts;","","// Fake TTY support","if (opts.tty) {","\tprocess.stdout.isTTY = true;","\tprocess.stdout.columns = opts.tty.columns || 80;","\tprocess.stdout.rows = opts.tty.rows;","","\tconst tty = require('tty');","\tconst isatty = tty.isatty;","","\ttty.isatty = function (fd) {","\t\tif (fd === 1 || fd === process.stdout) {","\t\t\treturn true;","\t\t}","","\t\treturn isatty(fd);","\t};","}","","if (debug.enabled) {","\t// Forward the `time-require` `--sorted` flag.","\t// Intended for internal optimization tests only.","\tif (opts._sorted) {","\t\tprocess.argv.push('--sorted');","\t}","","\trequire('time-require'); // eslint-disable-line import/no-unassigned-import","}","","const sourceMapCache = new Map();","const cacheDir = opts.cacheDir;","","exports.installSourceMapSupport = () => {","\tsourceMapSupport.install({","\t\tenvironment: 'node',","\t\thandleUncaughtExceptions: false,","\t\tretrieveSourceMap(source) {","\t\t\tif (sourceMapCache.has(source)) {","\t\t\t\treturn {","\t\t\t\t\turl: source,","\t\t\t\t\tmap: fs.readFileSync(sourceMapCache.get(source), 'utf8')","\t\t\t\t};","\t\t\t}","\t\t}","\t});","};","","exports.installPrecompilerHook = () => {","\tinstallPrecompiler(filename => {","\t\tconst precompiled = opts.precompiled[filename];","","\t\tif (precompiled) {","\t\t\tsourceMapCache.set(filename, path.join(cacheDir, `${precompiled}.js.map`));","\t\t\treturn fs.readFileSync(path.join(cacheDir, `${precompiled}.js`), 'utf8');","\t\t}","","\t\treturn null;","\t});","};","","exports.installDependencyTracking = (dependencies, testPath) => {","\tObject.keys(require.extensions).forEach(ext => {","\t\tconst wrappedHandler = require.extensions[ext];","","\t\trequire.extensions[ext] = (module, filename) => {","\t\t\tif (filename !== testPath) {","\t\t\t\tdependencies.push(filename);","\t\t\t}","","\t\t\twrappedHandler(module, filename);","\t\t};","\t});","};",""],"l":{"2":6,"3":6,"4":6,"5":6,"6":6,"9":6,"10":0,"11":0,"14":0,"17":6,"18":0,"27":6,"29":6,"30":0,"33":0,"34":0,"35":0,"36":0,"38":0,"39":0,"41":0,"42":0,"43":0,"46":0,"50":0,"53":0,"54":0,"57":0,"60":0,"61":0,"63":0,"64":0,"68":0,"69":0,"78":0,"79":0,"80":0,"82":0,"83":0,"84":0,"87":0,"91":0,"92":0,"93":0,"95":0,"96":0,"97":0,"100":0}},"/home/travis/build/npmtest/node-npmtest-ava/node_modules/ava/api.js":{"path":"/home/travis/build/npmtest/node-npmtest-ava/node_modules/ava/api.js","s":{"1":1,"2":1,"3":1,"4":1,"5":1,"6":1,"7":1,"8":1,"9":1,"10":1,"11":1,"12":1,"13":1,"14":1,"15":1,"16":1,"17":1,"18":1,"19":1,"20":1,"21":1,"22":0,"23":0,"24":0,"25":0,"26":1,"27":0,"28":1,"29":1,"30":1,"31":1,"32":0,"33":0,"34":0,"35":0,"36":0,"37":0,"38":0,"39":0,"40":1,"41":0,"42":0,"43":0,"44":0,"45":0,"46":0,"47":0,"48":0,"49":0,"50":0,"51":0,"52":0,"53":0,"54":0,"55":0,"56":0,"57":0,"58":0,"59":0,"60":0,"61":0,"62":0,"63":0,"64":0,"65":0,"66":0,"67":0,"68":0,"69":0,"70":0,"71":0,"72":0,"73":0,"74":0,"75":0,"76":0,"77":0,"78":0,"79":0,"80":0,"81":0,"82":0,"83":0,"84":0,"85":0,"86":0,"87":0,"88":0,"89":0,"90":0,"91":0,"92":0,
[...]
('\\n')[0];","\treturn stackUtils.parseLine(firstStackLine);","}","function buildSource(source) {","\tif (!source) {","\t\treturn null;","\t}","","\t// Assume the CWD is the project directory. This holds since this function","\t// is only called in test workers, which are created with their working","\t// directory set to the project directory.","\tconst projectDir = process.cwd();","","\tconst file = path.resolve(projectDir, source.file.trim());","\tconst rel = path.relative(projectDir, file);","","\tconst isWithinProject = rel.split(path.sep)[0] !== '..';","\tconst isDependency = isWithinProject && path.dirname(rel).split(path.sep).indexOf('node_modules') > -1;","","\treturn {","\t\tisDependency,","\t\tisWithinProject,","\t\tfile,","\t\tline: source.line","\t};","}","","module.exports = error => {","\tconst stack = typeof error.stack === 'string' ?","\t\tbeautifyStack(error.stack) :","\t\tnull;","","\tconst retval = {","\t\tavaAssertionError: isAvaAssertionError(error),","\t\tsource: buildSource(extractSource(stack))","\t};","\tif (stack) {","\t\tretval.stack = stack;","\t}","","\tif (retval.avaAssertionError) {","\t\tretval.improperUsage = error.improperUsage;","\t\tretval.message = error.message;","\t\tretval.name = error.name;","\t\tretval.statements = error.statements;","\t\tretval.values = error.values;","","\t\tif (error.fixedSource) {","\t\t\tconst source = buildSource(error.fixedSource);","\t\t\tif (source) {","\t\t\t\tretval.source = source;","\t\t\t}","\t\t}","","\t\tif (error.assertion) {","\t\t\tretval.assertion = error.assertion;","\t\t}","\t\tif (error.operator) {","\t\t\tretval.operator = error.operator;","\t\t}","\t} else {","\t\tretval.object = cleanYamlObject(error, filter); // Cleanly copy non-standard properties","\t\tif (typeof error.message === 'string') {","\t\t\tretval.message = error.message;","\t\t}","\t\tif (typeof error.name === 'string') {","\t\t\tretval.name = error.name;","\t\t}","\t}","","\treturn retval;","};",""],"l":{"2":1,"3":1,"4":1,"5":1,"6":1,"7":1,"9":1,"10":0,"13":1,"14":0,"17":1,"18":1,"19":0,"20":0,"23":0,"24":0,"26":1,"27":0,"28":0,"34":0,"36":0,"37":0,"39":0,"40":0,"42":0,"50":1,"51":0,"55":0,"59":0,"60":0,"63":0,"64":0,"65":0,"66":0,"67":0,"68":0,"70":0,"71":0,"72":0,"73":0,"77":0,"78":0,"80":0,"81":0,"84":0,"85":0,"86":0,"88":0,"89":0,"93":0}},"/home/travis/build/npmtest/node-npmtest-ava/node_modules/ava/types/make.js":{"path":"/home/travis/build/npmtest/node-npmtest-ava/node_modules/ava/types/make.js","s":{"1":2,"2":2,"3":2,"4":0,"5":0,"6":0,"7":0,"8":0,"9":0,"10":0,"11":0,"12":0,"13":1,"14":0,"15":0,"16":0,"17":0,"18":0,"19":0,"20":0,"21":0,"22":0,"23":0,"24":0,"25":0,"26":0,"27":0,"28":0,"29":0,"30":0,"31":0,"32":0,"33":0,"34":0,"35":0,"36":0,"37":0,"38":0,"39":0,"40":0,"41":0,"42":0,"43":0,"44":0,"45":0,"46":0,"47":0,"48":0,"49":1,"50":0,"51":0,"52":0,"53":0,"54":0,"55":0,"56":0,"57":0,"58":0,"59":0,"60":0,"61":0,"62":0,"63":0,"64":0,"65":0,"66":1,"67":0,"68":0,"69":0,"70":0,"71":0,"72":1,"73":0,"74":0,"75":0,"76":0,"77":0,"78":0,"79":0,"80":0},"b":{"1":[0,0],"2":[0,0],"3":[0,0],"4":[0,0],"5":[0,0],"6":[0,0],"7":[0,0],"8":[0,0],"9":[0,0],"10":[0,0],"11":[0,0],"12":[0,0],"13":[0,0],"14":[0,0],"15":[0,0],"16":[0,0],"17":[0,0],"18":[0,0],"19":[0,0],"20":[0,0],"21":[0,0],"22":[0,0],"23":[0,0],"24":[0,0]},"f":{"1":0,"2":0,"3":0,"4":0},"fnMap":{"1":{"name":"generatePrefixed","line":35,"loc":{"start":{"line":35,"column":0},"end":{"line":35,"column":34}}},"2":{"name":"verify","line":114,"loc":{"start":{"line":114,"column":0},"end":{"line":114,"column":33}}},"3":{"name":"hasChildren","line":154,"loc":{"start":{"line":154,"column":0},"end":{"line":154,"column":28}}},"4":{"name":"exists","line":165,"loc":{"start":{"line":165,"column":0},"end":{"line":165,"column":23}}}},"statementMap":{"1":{"start":{"line":15,"column":0},"end":{"line":15,"column":29}},"2":{"start":{"line":16,"column":0},"end":{"line":16,"column":25}},"3":{"start":{"line":17,"column":0},"end":{"line":17,"column":49}},"4":{"start":{"line":18,"column":0},"end":{"line":18,"column":40}},"5":{"start":{"line":20,"column":0},"end":{"line":20,"column":61}},"6":{"start":{"line":20,"column":26},"end":{"line":20,"column":60}},"7":{"start":{"line":20,"column":34},"end":{"line":20,"column":60}},"8":{"start":{"line":22,"column":0},"end":{"line":22,"column":72}},"9":{"start":{"line":25,"column":0},"end":{"line":25,"column":83}},"10":{"start":{"line":25,"column":66},"end":{"line":25,"column":81}},"11":{"start":{"line":29,"column":0},"end":{"line":29,"column":43}},"12":{"start":{"line":31,"column":0},"end":{"line":31,"column":65}},"13":{"start":{"line":35,"column":0},"end":{"line":108,"column":1}},"14":{"start":{"line":36,"column":1},"end":{"line":36,"column":17}},"15":{"start":{"line":37,"column":1},"end":{"line":37,"column":19}},"16":{"start":{"line":39,"column":1},"end":{"line":94,"column":2}},"17":{"start":{"line":40,"column":2},"end":{"line":40,"column":38}},"18":{"start":{"line":42,"column":2},"end":{"line":45,"column":3}},"19":{"start":{"line":44,"column":3},"end":{"line":44,"column":12}},"20":{"start":{"line":48,"column":2},"end":{"line":67,"column":3}},"21":{"start":{"line":49,"column":3},"end":{"line":64,"column":4}},"22":{"start":{"line":50,"column":4},"end":{"line":50,"column":17}},"23":{"start":{"line":52,"column":4},"end":{"line":52,"column":14}},"24":{"start":{"line":53,"column":4},"end":{"line":61,"column":5}},"25":{"start":{"line":54,"column":5},"end":{"line":54,"column":37}},"26":{"start":{"line":58,"column":5},"end":{"line":58,"column":30}},"27":{"start":{"line":59,"column":5},"end":{"line":59,"column":36}},"28":{"start":{"line":60,"column":5},"end":{"line":60,"column":39}},"29":{"start":{"line":63,"column":4},"end":{"line":63,"column":48}},"30":{"start":{"line":66,"column":3},"end":{"line":66,"column":12}},"31":{"start":{"line":72,"column":2},"end":{"line":91,"column":3}},"32":{"start":{"line":73,"column":3},"end":{"line":90,"column":4}},"33":{"start":{"line":75,"column":4},"end":{"line":75,"column":53}},"34":{"start":{"line":77,"column":4},"end":{"line":81,"column":5}},"35":{"start":{"line":78,"column":5},"end":{"line":78,"column":52}},"36":{"start":{"line":80,"column":5},"end":{"line":80,"column":44}},"37":{"start":{"line":83,"column":4},"end":{"line":87,"column":5}},"38":{"start":{"line":85,"column":5},"end":{"line":85,"column":36}},"39":{"start":{"line":86,"column":5},"end":{"line":86,"column":42}},"40":{"start":{"line":89,"column":4},"end":{"line":89,"column":20}},"41":{"start":{"line":93,"column":2},"end":{"line":93,"column":38}},"42":{"start":{"line":96,"column":1},"end":{"line":98,"column":2}},"43":{"start":{"line":97,"column":2},"end":{"line":97,"column":18}},"44":{"start":{"line":100,"column":1},"end":{"line":100,"column":47}},"45":{"start":{"line":102,"column":1},"end":{"line":105,"column":2}},"46":{"start":{"line":104,"column":2},"end":{"line":104,"column":76}},"47":{"start":{"line":106,"column":1},"end":{"line":106,"column":57}},"48":{"start":{"line":107,"column":1},"end":{"line":107,"column":48}},"49":{"start":{"line":114,"column":0},"end":{"line":151,"column":1}},"50":{"start":{"line":115,"column":1},"end":{"line":115,"column":29}},"51":{"start":{"line":117,"column":1},"end":{"line":119,"column":2}},"52":{"start":{"line":118,"column":2},"end":{"line":118,"column":15}},"53":{"start":{"line":121,"column":1},"end":{"line":121,"column":94}},"54":{"start":{"line":123,"column":1},"end":{"line":125,"column":2}},"55":{"start":{"line":124,"column":2},"end":{"line":124,"column":15}},"56":{"start":{"line":127,"column":1},"end":{"line":131,"column":2}},"57":{"start":{"line":128,"column":2},"end":{"line":130,"column":3}},"58":{"start":{"line":129,"column":3},"end":{"line":129,"column":16}},"59":{"start":{"line":133,"column":1},"end":{"line":148,"column":2}},"60":{"start":{"line":136,"column":2},"end":{"line":138,"column":3}},"61":{"start":{"line":137,"column":3},"end":{"line":137,"column":15}},"62":{"start":{"line":140,"column":2},"end":{"line":144,"column":3}},"63":{"start":{"line":143,"column":3},"end":{"line":143,"column":16}},"64":{"start":{"line":147,"column":2},"end":{"line":147,"column":18}},"65":{"start":{"line":150,"column":1},"end":{"line":150,"column":13}},"66":{"start":{"line":154,"column":0},"end":{"line":162,"column":1}},"67":{"start":{"line":156,"column":1},"end":{"line":159,"column":43}},"68":{"start":{"line":157,"column":21},"end":{"line":157,"column":50}},"69":{"start":{"line":158,"column":18},"end":{"line":158,"column":41}},"70":{"start":{"line":159,"column":20},"end":{"line":159,"column":41}},"71":{"start":{"line":161,"column":1},"end":{"line":161,"column":33}},"72":{"start":{"line":165,"column":0},"end":{"line":184,"column":1}},"73":{"start":{"line":166,"column":1},"end":{"line":169,"column":2}},"74":{"start":{"line":168,"column":2},"end":{"line":168,"column":14}},"75":{"start":{"line":171,"column":1},"end":{"line":174,"column":2}},"76":{"start":{"line":173,"column":2},"end":{"line":173,"column":15}},"77":{"start":{"line":177,"column":1},"end":{"line":181,"column":2}},"78":{"start":{"line":178,"column":2},"end":{"line":180,"column":3}},"79":{"start":{"line":179,"column":3},"end":{"line":179,"column":15}},"80":{"start":{"line":183,"column":1},"end":{"line":183,"column":14}}},"branchMap":{"1":{"line":42,"type":"if","locations":[{"start":{"line":42,"column":2},"end":{"line":42,"column":2}},{"start":{"line":42,"column":2},"end":{"line":42,"column":2}}]},"2":{"line":42,"type":"binary-expr","locations":[{"start":{"line":42,"column":6},"end":{"line":42,"column":33}},{"start":{"line":42,"column":37},"end":{"line":42,"column":57}}]},"3":{"line":48,"type":"if","locations":[{"start":{"line":48,"column":2},"end":{"line":48,"column":2}},{"start":{"line":48,"column":2},"end":{"line":48,"column":2}}]},"4":{"line":49,"type":"if","locations":[{"start":{"line":49,"column":3},"end":{"line":49,"column":3}},{"start":{"line":49,"column":3},"end":{"line":49,"column":3}}]},"5":{"line":53,"type":"if","locations":[{"start":{"line":53,"column":4},"end":{"line":53,"column":4}},{"start":{"line":53,"column":4},"end":{"line":53,"column":4}}]},"6":{"line":72,"type":"if","locations":[{"start":{"line":72,"column":2},"end":{"line":72,"column":2}},{"start":{"line":72,"column":2},"end":{"line":72,"column":2}}]},"7":{"line":73,"type":"if","locations":[{"start":{"line":73,"column":3},"end":{"line":73,"column":3}},{"start":{"line":73,"column":3},"end":{"line":73,"column":3}}]},"8":{"line":77,"type":"if","locations":[{"start":{"line":77,"column":4},"end":{"line":77,"column":4}},{"start":{"line":77,"column":4},"end":{"line":77,"column":4}}]},"9":{"line":83,"type":"if","locations":[{"start":{"line":83,"column":4},"end":{"line":83,"column":4}},{"start":{"line":83,"column":4},"end":{"line":83,"column":4}}]},"10":{"line":96,"type":"if","locations":[{"start":{"line":96,"column":1},"end":{"line":96,"column":1}},{"start":{"line":96,"column":1},"end":{"line":96,"column":1}}]},"11":{"line":102,"type":"if","locations":[{"start":{"line":102,"column":1},"end":{"line":102,"column":1}},{"start":{"line":102,"column":1},"end":{"line":102,"column":1}}]},"12":{"line":117,"type":"if","locations":[{"start":{"line":117,"column":1},"end":{"line":117,"column":1}},{"start":{"line":117,"column":1},"end":{"line":117,"column":1}}]},"13":{"line":123,"type":"if","locations":[{"start":{"line":123,"column":1},"end":{"line":123,"column":1}},{"start":{"line":123,"column":1},"end":{"line":123,"column":1}}]},"14":{"line":127,"type":"if","locations":[{"start":{"line":127,"column":1},"end":{"line":127,"column":1}},{"start":{"line":127,"column":1},"end":{"line":127,"column":1}}]},"15":{"line":128,"type":"if","locations":[{"start":{"line":128,"column":2},"end":{"line":128,"column":2}},{"start":{"line":128,"column":2},"end":{"line":128,"column":2}}]},"16":{"line":133,"type":"if","locations":[{"start":{"line":133,"column":1},"end":{"line":133,"column":1}},{"start":{"line":133,"column":1},"end":{"line":133,"column":1}}]},"17":{"line":136,"type":"if","locations":[{"start":{"line":136,"column":2},"end":{"line":136,"column":2}},{"start":{"line":136,"column":2},"end":{"line":136,"column":2}}]},"18":{"line":136,"type":"binary-expr","locations":[{"start":{"line":136,"column":6},"end":{"line":136,"column":18}},{"start":{"line":136,"column":22},"end":{"line":136,"column":38}}]},"19":{"line":140,"type":"if","locations":[{"start":{"line":140,"column":2},"end":{"line":140,"column":2}},{"start":{"line":140,"column":2},"end":{"line":140,"column":2}}]},"20":{"line":140,"type":"binary-expr","locations":[{"start":{"line":140,"column":6},"end":{"line":140,"column":45}},{"start":{"line":140,"column":49},"end":{"line":140,"column":92}}]},"21":{"line":166,"type":"if","locations":[{"start":{"line":166,"column":1},"end":{"line":166,"column":1}},{"start":{"line":166,"column":1},"end":{"line":166,"column":1}}]},"22":{"line":171,"type":"if","locations":[{"start":{"line":171,"column":1},"end":{"line":171,"column":1}},{"start":{"line":171,"column":1},"end":{"line":171,"column":1}}]},"23":{"line":178,"type":"if","locations":[{"start":{"line":178,"column":2},"end":{"line":178,"column":2}},{"start":{"line":178,"column":2},"end":{"line":178,"column":2}}]},"24":{"line":178,"type":"binary-expr","locations":[{"start":{"line":178,"column":6},"end":{"line":178,"column":34}},{"start":{"line":178,"column":38},"end":{"line":178,"column":68}}]}},"code":["'use strict';","","// TypeScript definitions are generated here.","// AVA allows chaining of function names, like `test.after.cb.always`.","// The order of these names is not important.","// Writing these definitions by hand is hard. Because of chaining,","// the number of combinations grows fast (2^n). To reduce this number,","// illegal combinations are filtered out in `verify`.","// The order of the options is not important. We could generate full","// definitions for each possible order, but that would give a very big","// output. Instead, we write an alias for different orders. For instance,","// `after.cb` is fully written, and `cb.after` is emitted as an alias","// using `typeof after.cb`.","","const path = require('path');","const fs = require('fs');","const isArraySorted = require('is-array-sorted');","const Runner = require('../lib/runner');","","const arrayHas = parts => part => parts.indexOf(part) !== -1;","","const base = fs.readFileSync(path.join(__dirname, 'base.d.ts'), 'utf8');","","// All suported function names","const allParts = Object.keys(new Runner({}).chain).filter(name => name !== 'test');","","// The output consists of the base declarations, the actual 'test' function declarations,","// and the namespaced chainable methods.","const output = base + generatePrefixed([]);","","fs.writeFileSync(path.join(__dirname, 'generated.d.ts'), output);","","// Generates type definitions, for the specified prefix","// The prefix is an array of function names","function generatePrefixed(prefix) {","\tlet output = '';","\tlet children = '';","","\tfor (const part of allParts) {","\t\tconst parts = prefix.concat([part]);","","\t\tif (prefix.indexOf(part) !== -1 || !verify(parts, true)) {","\t\t\t// Function already in prefix or not allowed here","\t\t\tcontinue;","\t\t}","","\t\t// If `parts` is not sorted, we alias it to the sorted chain","\t\tif (!isArraySorted(parts)) {","\t\t\tif (exists(parts)) {","\t\t\t\tparts.sort();","","\t\t\t\tlet chain;","\t\t\t\tif (hasChildren(parts)) {","\t\t\t\t\tchain = parts.join('_') + '<T>';","\t\t\t\t} else {","\t\t\t\t\t// This is a single function, not a namespace, so there's no type associated","\t\t\t\t\t// and we need to dereference it as a property type","\t\t\t\t\tconst last = parts.pop();","\t\t\t\t\tconst joined = parts.join('_');","\t\t\t\t\tchain = `${joined}<T>['${last}']`;","\t\t\t\t}","","\t\t\t\toutput += `\\t${part}: Register_${chain};\\n`;","\t\t\t}","","\t\t\tcontinue;","\t\t}","","\t\t// Check that `part` is a valid function name.","\t\t// `always` is a valid prefix, for instance of `always.after`,","\t\t// but not a valid function name.","\t\tif (verify(parts, false)) {","\t\t\tif (arrayHas(parts)('todo')) {","\t\t\t\t// 'todo' functions don't have a function argument, just a string","\t\t\t\toutput += `\\t${part}: (name: string) => void;\\n`;","\t\t\t} else {","\t\t\t\tif (arrayHas(parts)('cb')) {","\t\t\t\t\toutput += `\\t${part}: CallbackRegisterBase<T>`;","\t\t\t\t} else {","\t\t\t\t\toutput += `\\t${part}: RegisterBase<T>`;","\t\t\t\t}","","\t\t\t\tif (hasChildren(parts)) {","\t\t\t\t\t// This chain can be continued, make the property an intersection type with the chain continuation","\t\t\t\t\tconst joined = parts.join('_');","\t\t\t\t\toutput += ` & Register_${joined}<T>`;","\t\t\t\t}","","\t\t\t\toutput += ';\\n';","\t\t\t}","\t\t}","","\t\tchildren += generatePrefixed(parts);","\t}","","\tif (output === '') {","\t\treturn children;","\t}","","\tconst typeBody = `{\\n${output}}\\n${children}`;","","\tif (prefix.length === 0) {","\t\t// No prefix, so this is the type for the default export","\t\treturn `export interface Register<T> extends RegisterBase<T> ${typeBody}`;","\t}","\tconst namespace = ['Register'].concat(prefix).join('_');","\treturn `interface ${namespace}<T> ${typeBody}`;","}","","// Checks whether a chain is a valid function name (when `asPrefix === false`)","// or a valid prefix that could contain members.","// For instance, `test.always` is not a valid function name, but it is a valid","// prefix of `test.always.after`.","function verify(parts, asPrefix) {","\tconst has = arrayHas(parts);","","\tif (has('only') + has('skip') + has('todo') > 1) {","\t\treturn false;","\t}","","\tconst beforeAfterCount = has('before') + has('beforeEach') + has('after') + has('afterEach');","","\tif (beforeAfterCount > 1) {","\t\treturn false;","\t}","","\tif (beforeAfterCount === 1) {","\t\tif (has('only')) {","\t\t\treturn false;","\t\t}","\t}","","\tif (has('always')) {","\t\t// `always` can only be used with `after` or `afterEach`.","\t\t// Without it can still be a valid prefix","\t\tif (has('after') || has('afterEach')) {","\t\t\treturn true;","\t\t}","","\t\tif (!verify(parts.concat(['after']), false) && !verify(parts.concat(['afterEach']), false)) {","\t\t\t// If `after` nor `afterEach` cannot be added to this prefix,","\t\t\t// `always` is not allowed here.","\t\t\treturn false;","\t\t}","","\t\t// Only allowed as a prefix","\t\treturn asPrefix;","\t}","","\treturn true;","}","","// Returns true if a chain can have any child properties","function hasChildren(parts) {","\t// Concatenate the chain with each other part, and see if any concatenations are valid functions","\tconst validChildren = allParts","\t\t.filter(newPart => parts.indexOf(newPart) === -1)","\t\t.map(newPart => parts.concat([newPart]))","\t\t.filter(longer => verify(longer, false));","","\treturn validChildren.length > 0;","}","","// Checks whether a chain is a valid function name or a valid prefix with some member","function exists(parts) {","\tif (verify(parts, false)) {","\t\t// Valid function name","\t\treturn true;","\t}","","\tif (!verify(parts, true)) {","\t\t// Not valid prefix","\t\treturn false;","\t}","","\t// Valid prefix, check whether it has members","\tfor (const prefix of allParts) {","\t\tif (parts.indexOf(prefix) === -1 && exists(parts.concat([prefix]))) {","\t\t\treturn true;","\t\t}","\t}","","\treturn false;","}",""],"l":{"15":2,"16":2,"17":2,"18":0,"20":0,"22":0,"25":0,"29":0,"31":0,"35":1,"36":0,"37":0,"39":0,"40":0,"42":0,"44":0,"48":0,"49":0,"50":0,"52":0,"53":0,"54":0,"58":0,"59":0,"60":0,"63":0,"66":0,"72":0,"73":0,"75":0,"77":0,"78":0,"80":0,"83":0,"85":0,"86":0,"89":0,"93":0,"96":0,"97":0,"100":0,"102":0,"104":0,"106":0,"107":0,"114":1,"115":0,"117":0,"118":0,"121":0,"123":0,"124":0,"127":0,"128":0,"129":0,"133":0,"136":0,"137":0,"140":0,"143":0,"147":0,"150":0,"154":1,"156":0,"157":0,"158":0,"159":0,"161":0,"165":1,"166":0,"168":0,"171":0,"173":0,"177":0,"178":0,"179":0,"183":0}}}